2017-12-30 16:24:29,971 - INFO - Beginning execution of dms2_logoplot in directory /fh/fast/bloom_j/computational_notebooks/adingens/2017/FusionPeptide_Antibodies/FP_Abs_FinalAnalysis

2017-12-30 16:24:29,971 - INFO - Progress is being logged to ./results/diffsel/Figures/VRC34-01-LogFoldChangeunderlay.log
2017-12-30 16:24:31,537 - INFO - Version information:
	Time and date: Sat Dec 30 16:24:29 2017
	Platform: Linux-3.13.0-49-generic-x86_64-with-Ubuntu-14.04-trusty
	Python version: 3.4.3 (default, Oct 14 2015, 20:28:29)  [GCC 4.8.4]
	dms_tools2 version: 2.2.dev1
	Bio version: 1.70
	HTSeq version: 0.9.1
	pandas version: 0.20.3
	numpy version: 1.13.1
	IPython version: 6.2.0
	matplotlib version: 2.0.2
	plotnine version: 0.2.1
	natsort version: 5.1.0
	pystan version: 2.16.0.0
	scipy version: 0.19.1
	seaborn version: 0.8.1
	phydmslib version: 2.2.0
	jupyter version: 1.0.0
	rpy2 version: 2.9.1

2017-12-30 16:24:31,537 - INFO - Parsed the following arguments:
	diffsel = ./results/diffsel/wtDNA_ctrl/summary_VRC34-33ug-meanmutdiffsel.csv
	diffprefs = None
	stringency = 1
	fracsurvive = None
	overlay1 = ['./results/diffsel/wtDNA_ctrl/summary_VRC34-33ug-meanmutdiffsel.csv', 'wildtype', 'wildtype']
	ignore_extracols = no
	restrictdiffsel = all
	numberevery = 10
	excludestop = no
	overlaycolormap = YlOrRd
	fracsurvivemax = None
	nperline = 84
	name = VRC34-01-LogFoldChangeunderlay
	scalebar = ['2', 'differential selection = 2']
	prefs = None
	outdir = ./results/diffsel/Figures/
	ncpus = -1
	use_existing = yes
	sortsites = yes
	underlay = yes
	overlay3 = None
	letterheight = 1
	colormap = jet
	sepline = yes
	mapmetric = functionalgroup
	diffselrange = None
	overlay2 = ['./data/BG505pseudovirus_VRC34.01_site_log2IC50foldchange.csv', 'TZMbl', 'Log fold change IC50']

2017-12-30 16:24:31,541 - INFO - Reading diffsel from file ./results/diffsel/wtDNA_ctrl/summary_VRC34-33ug-meanmutdiffsel.csv...
2017-12-30 16:24:31,558 - INFO - Read data for 670 sites.

2017-12-30 16:24:31,607 - INFO - Reading overlay for wildtype from ./results/diffsel/wtDNA_ctrl/summary_VRC34-33ug-meanmutdiffsel.csv...
2017-12-30 16:24:31,672 - INFO - Read overlay for 670 sites.

2017-12-30 16:24:31,672 - INFO - Reading overlay for TZMbl from ./data/BG505pseudovirus_VRC34.01_site_log2IC50foldchange.csv...
2017-12-30 16:24:31,683 - INFO - Read overlay for 31 sites.

2017-12-30 16:24:31,683 - INFO - Making logo plot ./results/diffsel/Figures/VRC34-01-LogFoldChangeunderlay_diffsel.pdf...
2017-12-30 16:24:45,095 - INFO - Successfully created logo plot.

2017-12-30 16:24:45,096 - INFO - Successful completion of dms2_logoplot
