2017-12-30 16:09:58,883 - INFO - Beginning execution of dms2_bcsubamp in directory /fh/fast/bloom_j/computational_notebooks/adingens/2017/FusionPeptide_Antibodies/FP_Abs_FinalAnalysis

2017-12-30 16:09:58,883 - INFO - Progress is being logged to ./results/codoncounts/mut-DNA-3.log
2017-12-30 16:10:01,933 - INFO - Version information:
	Time and date: Sat Dec 30 16:09:58 2017
	Platform: Linux-3.13.0-49-generic-x86_64-with-Ubuntu-14.04-trusty
	Python version: 3.4.3 (default, Oct 14 2015, 20:28:29)  [GCC 4.8.4]
	dms_tools2 version: 2.2.dev1
	Bio version: 1.70
	HTSeq version: 0.9.1
	pandas version: 0.20.3
	numpy version: 1.13.1
	IPython version: 6.2.0
	matplotlib version: 2.0.2
	plotnine version: 0.2.1
	natsort version: 5.1.0
	pystan version: 2.16.0.0
	scipy version: 0.19.1
	seaborn version: 0.8.1
	phydmslib version: 2.2.0
	jupyter version: 1.0.0
	rpy2 version: 2.9.1

2017-12-30 16:10:01,933 - INFO - Parsed the following arguments:
	refseq = ./data/BG505.W6.C2.T332N_env.fasta
	fastqdir = ./FASTQ_files/
	outdir = ./results/codoncounts
	sitemask = ./data/sitemask_BG505.txt
	ncpus = -1
	name = mut-DNA-3
	minreads = 2
	minconcur = 0.75
	R2 = None
	minfraccall = 0.95
	maxmuts = 4
	minq = 15
	alignspecs = ['87,375,39,36', '376,666,36,39', '663,954,33,41', '955,1228,33,37', '1228,1527,34,35', '1527,1815,32,39', '1816,2098,36,41']
	use_existing = yes
	bclen = 8
	chartype = codon
	purgebc = 0
	R1trim = [200]
	purgeread = 0
	R1 = ['BG505_mut-DNA_3_R1.fastq.gz']
	R2trim = [170]
	bcinfo = False

2017-12-30 16:10:03,624 - INFO - Read refseq of 2583 codons from ./data/BG505.W6.C2.T332N_env.fasta
2017-12-30 16:10:03,626 - INFO - Reads are in these FASTQ pairs:
	./FASTQ_files/BG505_mut-DNA_3_R1.fastq.gz and ./FASTQ_files/BG505_mut-DNA_3_R2.fastq.gz

2017-12-30 16:10:03,626 - INFO - Now parsing read pairs...
2017-12-30 16:10:13,591 - INFO - Reads parsed so far: 500000
2017-12-30 16:10:22,650 - INFO - Reads parsed so far: 1000000
2017-12-30 16:10:31,264 - INFO - Reads parsed so far: 1500000
2017-12-30 16:10:41,048 - INFO - Reads parsed so far: 2000000
2017-12-30 16:10:49,028 - INFO - Reads parsed so far: 2500000
2017-12-30 16:10:58,081 - INFO - Reads parsed so far: 3000000
2017-12-30 16:11:07,448 - INFO - Reads parsed so far: 3500000
2017-12-30 16:11:15,428 - INFO - Reads parsed so far: 4000000
2017-12-30 16:11:25,328 - INFO - Reads parsed so far: 4500000
2017-12-30 16:11:33,238 - INFO - Reads parsed so far: 5000000
2017-12-30 16:11:41,164 - INFO - Reads parsed so far: 5500000
2017-12-30 16:11:51,878 - INFO - Reads parsed so far: 6000000
2017-12-30 16:11:59,796 - INFO - Reads parsed so far: 6500000
2017-12-30 16:12:07,731 - INFO - Reads parsed so far: 7000000
2017-12-30 16:12:19,267 - INFO - Reads parsed so far: 7500000
2017-12-30 16:12:27,213 - INFO - Reads parsed so far: 8000000
2017-12-30 16:12:35,447 - INFO - Reads parsed so far: 8500000
2017-12-30 16:12:43,424 - INFO - Reads parsed so far: 9000000
2017-12-30 16:12:51,423 - INFO - Reads parsed so far: 9500000
2017-12-30 16:12:59,415 - INFO - Reads parsed so far: 10000000
2017-12-30 16:13:12,209 - INFO - Reads parsed so far: 10500000
2017-12-30 16:13:20,061 - INFO - Reads parsed so far: 11000000
2017-12-30 16:13:27,973 - INFO - Reads parsed so far: 11500000
2017-12-30 16:13:35,876 - INFO - Reads parsed so far: 12000000
2017-12-30 16:13:43,852 - INFO - Reads parsed so far: 12500000
2017-12-30 16:13:51,848 - INFO - Reads parsed so far: 13000000
2017-12-30 16:13:59,854 - INFO - Reads parsed so far: 13500000
2017-12-30 16:14:14,774 - INFO - Reads parsed so far: 14000000
2017-12-30 16:14:23,087 - INFO - Reads parsed so far: 14500000
2017-12-30 16:14:31,519 - INFO - Reads parsed so far: 15000000
2017-12-30 16:14:39,808 - INFO - Reads parsed so far: 15500000
2017-12-30 16:14:48,092 - INFO - Reads parsed so far: 16000000
2017-12-30 16:14:56,344 - INFO - Reads parsed so far: 16500000
2017-12-30 16:15:04,691 - INFO - Reads parsed so far: 17000000
2017-12-30 16:15:13,155 - INFO - Reads parsed so far: 17500000
2017-12-30 16:15:21,604 - INFO - Reads parsed so far: 18000000
2017-12-30 16:15:29,820 - INFO - Reads parsed so far: 18500000
2017-12-30 16:15:32,991 - INFO - Parsed 18688204 reads, found 9548961 unique barcodes.
2017-12-30 16:15:32,994 - INFO - Summary stats on reads:
fail filter  low Q barcode     total
          0        2089323  18688204
2017-12-30 16:15:32,994 - INFO - Writing these stats to ./results/codoncounts/mut-DNA-3_readstats.csv

2017-12-30 16:15:40,163 - INFO - Number of reads per barcode:
                 number of barcodes
number of reads                    
1                           5837325
2                           1771552
3                           1065985
4                            528570
5                            223021
6                             83237
7                             27422
8                              8420
9                              2415
10                              729
11                              214
12                               48
13                               13
14                                6
15                                1
16                                1
18                                1
119                               1
2017-12-30 16:15:40,164 - INFO - Writing these stats to ./results/codoncounts/mut-DNA-3_readsperbc.csv

2017-12-30 16:15:40,173 - INFO - Examining the 9548961 barcodes to build and align subamplicons...
2017-12-30 16:15:44,367 - INFO - Barcodes examined so far: 200000
2017-12-30 16:15:48,700 - INFO - Barcodes examined so far: 400000
2017-12-30 16:15:52,994 - INFO - Barcodes examined so far: 600000
2017-12-30 16:15:57,279 - INFO - Barcodes examined so far: 800000
2017-12-30 16:16:01,465 - INFO - Barcodes examined so far: 1000000
2017-12-30 16:16:05,663 - INFO - Barcodes examined so far: 1200000
2017-12-30 16:16:09,846 - INFO - Barcodes examined so far: 1400000
2017-12-30 16:16:13,973 - INFO - Barcodes examined so far: 1600000
2017-12-30 16:16:18,073 - INFO - Barcodes examined so far: 1800000
2017-12-30 16:16:22,143 - INFO - Barcodes examined so far: 2000000
2017-12-30 16:16:26,204 - INFO - Barcodes examined so far: 2200000
2017-12-30 16:16:30,231 - INFO - Barcodes examined so far: 2400000
2017-12-30 16:16:34,269 - INFO - Barcodes examined so far: 2600000
2017-12-30 16:16:38,278 - INFO - Barcodes examined so far: 2800000
2017-12-30 16:16:42,316 - INFO - Barcodes examined so far: 3000000
2017-12-30 16:16:46,302 - INFO - Barcodes examined so far: 3200000
2017-12-30 16:16:50,283 - INFO - Barcodes examined so far: 3400000
2017-12-30 16:16:54,160 - INFO - Barcodes examined so far: 3600000
2017-12-30 16:16:57,970 - INFO - Barcodes examined so far: 3800000
2017-12-30 16:17:02,112 - INFO - Barcodes examined so far: 4000000
2017-12-30 16:17:06,355 - INFO - Barcodes examined so far: 4200000
2017-12-30 16:17:10,602 - INFO - Barcodes examined so far: 4400000
2017-12-30 16:17:14,842 - INFO - Barcodes examined so far: 4600000
2017-12-30 16:17:19,014 - INFO - Barcodes examined so far: 4800000
2017-12-30 16:17:23,231 - INFO - Barcodes examined so far: 5000000
2017-12-30 16:17:27,387 - INFO - Barcodes examined so far: 5200000
2017-12-30 16:17:31,581 - INFO - Barcodes examined so far: 5400000
2017-12-30 16:17:35,724 - INFO - Barcodes examined so far: 5600000
2017-12-30 16:17:39,811 - INFO - Barcodes examined so far: 5800000
2017-12-30 16:17:43,886 - INFO - Barcodes examined so far: 6000000
2017-12-30 16:17:47,986 - INFO - Barcodes examined so far: 6200000
2017-12-30 16:17:52,076 - INFO - Barcodes examined so far: 6400000
2017-12-30 16:17:56,138 - INFO - Barcodes examined so far: 6600000
2017-12-30 16:17:59,991 - INFO - Barcodes examined so far: 6800000
2017-12-30 16:18:03,823 - INFO - Barcodes examined so far: 7000000
2017-12-30 16:18:07,679 - INFO - Barcodes examined so far: 7200000
2017-12-30 16:18:11,471 - INFO - Barcodes examined so far: 7400000
2017-12-30 16:18:15,222 - INFO - Barcodes examined so far: 7600000
2017-12-30 16:18:19,037 - INFO - Barcodes examined so far: 7800000
2017-12-30 16:18:22,837 - INFO - Barcodes examined so far: 8000000
2017-12-30 16:18:26,663 - INFO - Barcodes examined so far: 8200000
2017-12-30 16:18:30,520 - INFO - Barcodes examined so far: 8400000
2017-12-30 16:18:34,351 - INFO - Barcodes examined so far: 8600000
2017-12-30 16:18:38,330 - INFO - Barcodes examined so far: 8800000
2017-12-30 16:18:42,503 - INFO - Barcodes examined so far: 9000000
2017-12-30 16:18:46,623 - INFO - Barcodes examined so far: 9200000
2017-12-30 16:18:50,727 - INFO - Barcodes examined so far: 9400000
2017-12-30 16:18:53,867 - INFO - Examined all barcodes. Summary stats:
aligned  not alignable  too few reads    total
2224965        1486671        5837325  9548961
2017-12-30 16:18:53,867 - INFO - Writing these stats to ./results/codoncounts/mut-DNA-3_bcstats.csv

2017-12-30 16:18:53,895 - INFO - Filtering to only sites listed in sitemask ./data/sitemask_BG505.txt
2017-12-30 16:18:53,909 - INFO - Filtered from 861 to 670 sites.
2017-12-30 16:18:53,909 - INFO - Writing the counts of each codon identity at each site to ./results/codoncounts/mut-DNA-3_codoncounts.csv

2017-12-30 16:18:53,934 - INFO - Successful completion of dms2_bcsubamp
