2017-12-30 16:09:58,893 - INFO - Beginning execution of dms2_bcsubamp in directory /fh/fast/bloom_j/computational_notebooks/adingens/2017/FusionPeptide_Antibodies/FP_Abs_FinalAnalysis

2017-12-30 16:09:58,893 - INFO - Progress is being logged to ./results/codoncounts/mut-virus-3.log
2017-12-30 16:10:01,939 - INFO - Version information:
	Time and date: Sat Dec 30 16:09:58 2017
	Platform: Linux-3.13.0-49-generic-x86_64-with-Ubuntu-14.04-trusty
	Python version: 3.4.3 (default, Oct 14 2015, 20:28:29)  [GCC 4.8.4]
	dms_tools2 version: 2.2.dev1
	Bio version: 1.70
	HTSeq version: 0.9.1
	pandas version: 0.20.3
	numpy version: 1.13.1
	IPython version: 6.2.0
	matplotlib version: 2.0.2
	plotnine version: 0.2.1
	natsort version: 5.1.0
	pystan version: 2.16.0.0
	scipy version: 0.19.1
	seaborn version: 0.8.1
	phydmslib version: 2.2.0
	jupyter version: 1.0.0
	rpy2 version: 2.9.1

2017-12-30 16:10:01,939 - INFO - Parsed the following arguments:
	refseq = ./data/BG505.W6.C2.T332N_env.fasta
	purgeread = 0
	minfraccall = 0.95
	outdir = ./results/codoncounts
	bclen = 8
	minconcur = 0.75
	fastqdir = ./FASTQ_files/
	use_existing = yes
	R1trim = [200]
	alignspecs = ['87,375,39,36', '376,666,36,39', '663,954,33,41', '955,1228,33,37', '1228,1527,34,35', '1527,1815,32,39', '1816,2098,36,41']
	ncpus = -1
	minq = 15
	minreads = 2
	R2trim = [170]
	sitemask = ./data/sitemask_BG505.txt
	R2 = None
	name = mut-virus-3
	bcinfo = False
	purgebc = 0
	maxmuts = 4
	R1 = ['BG505_mut-virus_3_R1.fastq.gz']
	chartype = codon

2017-12-30 16:10:03,627 - INFO - Read refseq of 2583 codons from ./data/BG505.W6.C2.T332N_env.fasta
2017-12-30 16:10:03,629 - INFO - Reads are in these FASTQ pairs:
	./FASTQ_files/BG505_mut-virus_3_R1.fastq.gz and ./FASTQ_files/BG505_mut-virus_3_R2.fastq.gz

2017-12-30 16:10:03,629 - INFO - Now parsing read pairs...
2017-12-30 16:10:14,250 - INFO - Reads parsed so far: 500000
2017-12-30 16:10:23,778 - INFO - Reads parsed so far: 1000000
2017-12-30 16:10:32,874 - INFO - Reads parsed so far: 1500000
2017-12-30 16:10:42,150 - INFO - Reads parsed so far: 2000000
2017-12-30 16:10:51,701 - INFO - Reads parsed so far: 2500000
2017-12-30 16:11:00,277 - INFO - Reads parsed so far: 3000000
2017-12-30 16:11:10,182 - INFO - Reads parsed so far: 3500000
2017-12-30 16:11:18,708 - INFO - Reads parsed so far: 4000000
2017-12-30 16:11:27,292 - INFO - Reads parsed so far: 4500000
2017-12-30 16:11:33,546 - INFO - Parsed 4758691 reads, found 2048025 unique barcodes.
2017-12-30 16:11:33,566 - INFO - Summary stats on reads:
fail filter  low Q barcode    total
          0         801501  4758691
2017-12-30 16:11:33,566 - INFO - Writing these stats to ./results/codoncounts/mut-virus-3_readstats.csv

2017-12-30 16:11:35,007 - INFO - Number of reads per barcode:
                 number of barcodes
number of reads                    
1                           1028374
2                            501082
3                            286109
4                            140740
5                             59538
6                             21978
7                              7187
8                              2183
9                               592
10                              184
11                               38
12                               13
13                                3
14                                1
15                                1
17                                1
207                               1
2017-12-30 16:11:35,008 - INFO - Writing these stats to ./results/codoncounts/mut-virus-3_readsperbc.csv

2017-12-30 16:11:35,012 - INFO - Examining the 2048025 barcodes to build and align subamplicons...
2017-12-30 16:11:39,527 - INFO - Barcodes examined so far: 200000
2017-12-30 16:11:43,978 - INFO - Barcodes examined so far: 400000
2017-12-30 16:11:48,369 - INFO - Barcodes examined so far: 600000
2017-12-30 16:11:52,754 - INFO - Barcodes examined so far: 800000
2017-12-30 16:11:57,113 - INFO - Barcodes examined so far: 1000000
2017-12-30 16:12:01,537 - INFO - Barcodes examined so far: 1200000
2017-12-30 16:12:05,935 - INFO - Barcodes examined so far: 1400000
2017-12-30 16:12:10,399 - INFO - Barcodes examined so far: 1600000
2017-12-30 16:12:14,826 - INFO - Barcodes examined so far: 1800000
2017-12-30 16:12:19,213 - INFO - Barcodes examined so far: 2000000
2017-12-30 16:12:20,261 - INFO - Examined all barcodes. Summary stats:
aligned  not alignable  too few reads    total
 420949         598702        1028374  2048025
2017-12-30 16:12:20,261 - INFO - Writing these stats to ./results/codoncounts/mut-virus-3_bcstats.csv

2017-12-30 16:12:20,292 - INFO - Filtering to only sites listed in sitemask ./data/sitemask_BG505.txt
2017-12-30 16:12:20,303 - INFO - Filtered from 861 to 670 sites.
2017-12-30 16:12:20,304 - INFO - Writing the counts of each codon identity at each site to ./results/codoncounts/mut-virus-3_codoncounts.csv

2017-12-30 16:12:20,333 - INFO - Successful completion of dms2_bcsubamp
