2017-12-30 16:09:58,902 - INFO - Beginning execution of dms2_bcsubamp in directory /fh/fast/bloom_j/computational_notebooks/adingens/2017/FusionPeptide_Antibodies/FP_Abs_FinalAnalysis

2017-12-30 16:09:58,902 - INFO - Progress is being logged to ./results/codoncounts/mut-virus-3-FP20-01-500ug.log
2017-12-30 16:10:01,939 - INFO - Version information:
	Time and date: Sat Dec 30 16:09:58 2017
	Platform: Linux-3.13.0-49-generic-x86_64-with-Ubuntu-14.04-trusty
	Python version: 3.4.3 (default, Oct 14 2015, 20:28:29)  [GCC 4.8.4]
	dms_tools2 version: 2.2.dev1
	Bio version: 1.70
	HTSeq version: 0.9.1
	pandas version: 0.20.3
	numpy version: 1.13.1
	IPython version: 6.2.0
	matplotlib version: 2.0.2
	plotnine version: 0.2.1
	natsort version: 5.1.0
	pystan version: 2.16.0.0
	scipy version: 0.19.1
	seaborn version: 0.8.1
	phydmslib version: 2.2.0
	jupyter version: 1.0.0
	rpy2 version: 2.9.1

2017-12-30 16:10:01,939 - INFO - Parsed the following arguments:
	sitemask = ./data/sitemask_BG505.txt
	purgeread = 0
	R2 = None
	fastqdir = ./FASTQ_files/
	R1trim = [200]
	maxmuts = 4
	R1 = ['BG505_mut-virus_3_FP20-01_500ug_R1.fastq.gz']
	chartype = codon
	minreads = 2
	R2trim = [170]
	minfraccall = 0.95
	name = mut-virus-3-FP20-01-500ug
	bclen = 8
	alignspecs = ['87,375,39,36', '376,666,36,39', '663,954,33,41', '955,1228,33,37', '1228,1527,34,35', '1527,1815,32,39', '1816,2098,36,41']
	minconcur = 0.75
	purgebc = 0
	outdir = ./results/codoncounts
	refseq = ./data/BG505.W6.C2.T332N_env.fasta
	ncpus = -1
	use_existing = yes
	minq = 15
	bcinfo = False

2017-12-30 16:10:03,625 - INFO - Read refseq of 2583 codons from ./data/BG505.W6.C2.T332N_env.fasta
2017-12-30 16:10:03,627 - INFO - Reads are in these FASTQ pairs:
	./FASTQ_files/BG505_mut-virus_3_FP20-01_500ug_R1.fastq.gz and ./FASTQ_files/BG505_mut-virus_3_FP20-01_500ug_R2.fastq.gz

2017-12-30 16:10:03,627 - INFO - Now parsing read pairs...
2017-12-30 16:10:13,860 - INFO - Reads parsed so far: 500000
2017-12-30 16:10:23,121 - INFO - Reads parsed so far: 1000000
2017-12-30 16:10:32,084 - INFO - Reads parsed so far: 1500000
2017-12-30 16:10:41,231 - INFO - Reads parsed so far: 2000000
2017-12-30 16:10:50,692 - INFO - Reads parsed so far: 2500000
2017-12-30 16:10:59,121 - INFO - Reads parsed so far: 3000000
2017-12-30 16:11:07,548 - INFO - Reads parsed so far: 3500000
2017-12-30 16:11:17,351 - INFO - Reads parsed so far: 4000000
2017-12-30 16:11:26,068 - INFO - Reads parsed so far: 4500000
2017-12-30 16:11:34,333 - INFO - Reads parsed so far: 5000000
2017-12-30 16:11:34,486 - INFO - Parsed 5009289 reads, found 1912799 unique barcodes.
2017-12-30 16:11:34,488 - INFO - Summary stats on reads:
fail filter  low Q barcode    total
          0         854673  5009289
2017-12-30 16:11:34,488 - INFO - Writing these stats to ./results/codoncounts/mut-virus-3-FP20-01-500ug_readstats.csv

2017-12-30 16:11:35,746 - INFO - Number of reads per barcode:
                 number of barcodes
number of reads                    
1                            860662
2                            438828
3                            289994
4                            171570
5                             88040
6                             39278
7                             15773
8                              5698
9                              1999
10                              651
11                              218
12                               60
13                               16
14                                9
15                                2
190                               1
2017-12-30 16:11:35,746 - INFO - Writing these stats to ./results/codoncounts/mut-virus-3-FP20-01-500ug_readsperbc.csv

2017-12-30 16:11:35,751 - INFO - Examining the 1912799 barcodes to build and align subamplicons...
2017-12-30 16:11:40,840 - INFO - Barcodes examined so far: 200000
2017-12-30 16:11:45,860 - INFO - Barcodes examined so far: 400000
2017-12-30 16:11:50,837 - INFO - Barcodes examined so far: 600000
2017-12-30 16:11:55,804 - INFO - Barcodes examined so far: 800000
2017-12-30 16:12:00,784 - INFO - Barcodes examined so far: 1000000
2017-12-30 16:12:05,829 - INFO - Barcodes examined so far: 1200000
2017-12-30 16:12:10,868 - INFO - Barcodes examined so far: 1400000
2017-12-30 16:12:15,881 - INFO - Barcodes examined so far: 1600000
2017-12-30 16:12:20,859 - INFO - Barcodes examined so far: 1800000
2017-12-30 16:12:23,669 - INFO - Examined all barcodes. Summary stats:
aligned  not alignable  too few reads    total
 509529         542608         860662  1912799
2017-12-30 16:12:23,669 - INFO - Writing these stats to ./results/codoncounts/mut-virus-3-FP20-01-500ug_bcstats.csv

2017-12-30 16:12:23,686 - INFO - Filtering to only sites listed in sitemask ./data/sitemask_BG505.txt
2017-12-30 16:12:23,696 - INFO - Filtered from 861 to 670 sites.
2017-12-30 16:12:23,696 - INFO - Writing the counts of each codon identity at each site to ./results/codoncounts/mut-virus-3-FP20-01-500ug_codoncounts.csv

2017-12-30 16:12:23,722 - INFO - Successful completion of dms2_bcsubamp
