2017-12-30 16:09:58,922 - INFO - Beginning execution of dms2_bcsubamp in directory /fh/fast/bloom_j/computational_notebooks/adingens/2017/FusionPeptide_Antibodies/FP_Abs_FinalAnalysis

2017-12-30 16:09:58,923 - INFO - Progress is being logged to ./results/codoncounts/mut-DNA-1.log
2017-12-30 16:10:01,974 - INFO - Version information:
	Time and date: Sat Dec 30 16:09:58 2017
	Platform: Linux-3.13.0-49-generic-x86_64-with-Ubuntu-14.04-trusty
	Python version: 3.4.3 (default, Oct 14 2015, 20:28:29)  [GCC 4.8.4]
	dms_tools2 version: 2.2.dev1
	Bio version: 1.70
	HTSeq version: 0.9.1
	pandas version: 0.20.3
	numpy version: 1.13.1
	IPython version: 6.2.0
	matplotlib version: 2.0.2
	plotnine version: 0.2.1
	natsort version: 5.1.0
	pystan version: 2.16.0.0
	scipy version: 0.19.1
	seaborn version: 0.8.1
	phydmslib version: 2.2.0
	jupyter version: 1.0.0
	rpy2 version: 2.9.1

2017-12-30 16:10:01,975 - INFO - Parsed the following arguments:
	refseq = ./data/BG505.W6.C2.T332N_env.fasta
	R1 = ['BG505_mut-DNA_1_R1.fastq.gz']
	minreads = 2
	R2 = None
	maxmuts = 4
	minconcur = 0.75
	use_existing = yes
	name = mut-DNA-1
	R2trim = [170]
	bcinfo = False
	purgebc = 0
	sitemask = ./data/sitemask_BG505.txt
	purgeread = 0
	chartype = codon
	outdir = ./results/codoncounts
	minq = 15
	fastqdir = ./FASTQ_files/
	R1trim = [200]
	bclen = 8
	alignspecs = ['87,375,39,36', '376,666,36,39', '663,954,33,41', '955,1228,33,37', '1228,1527,34,35', '1527,1815,32,39', '1816,2098,36,41']
	minfraccall = 0.95
	ncpus = -1

2017-12-30 16:10:03,629 - INFO - Read refseq of 2583 codons from ./data/BG505.W6.C2.T332N_env.fasta
2017-12-30 16:10:04,619 - INFO - Reads are in these FASTQ pairs:
	./FASTQ_files/BG505_mut-DNA_1_R1.fastq.gz and ./FASTQ_files/BG505_mut-DNA_1_R2.fastq.gz

2017-12-30 16:10:04,619 - INFO - Now parsing read pairs...
2017-12-30 16:10:13,727 - INFO - Reads parsed so far: 500000
2017-12-30 16:10:22,774 - INFO - Reads parsed so far: 1000000
2017-12-30 16:10:32,093 - INFO - Reads parsed so far: 1500000
2017-12-30 16:10:41,157 - INFO - Reads parsed so far: 2000000
2017-12-30 16:10:50,192 - INFO - Reads parsed so far: 2500000
2017-12-30 16:10:58,043 - INFO - Reads parsed so far: 3000000
2017-12-30 16:11:07,428 - INFO - Reads parsed so far: 3500000
2017-12-30 16:11:15,414 - INFO - Reads parsed so far: 4000000
2017-12-30 16:11:25,301 - INFO - Reads parsed so far: 4500000
2017-12-30 16:11:33,171 - INFO - Reads parsed so far: 5000000
2017-12-30 16:11:41,080 - INFO - Reads parsed so far: 5500000
2017-12-30 16:11:51,874 - INFO - Reads parsed so far: 6000000
2017-12-30 16:11:59,741 - INFO - Reads parsed so far: 6500000
2017-12-30 16:12:07,656 - INFO - Reads parsed so far: 7000000
2017-12-30 16:12:19,412 - INFO - Reads parsed so far: 7500000
2017-12-30 16:12:27,459 - INFO - Reads parsed so far: 8000000
2017-12-30 16:12:35,568 - INFO - Reads parsed so far: 8500000
2017-12-30 16:12:43,880 - INFO - Reads parsed so far: 9000000
2017-12-30 16:12:51,968 - INFO - Reads parsed so far: 9500000
2017-12-30 16:12:59,950 - INFO - Reads parsed so far: 10000000
2017-12-30 16:13:13,168 - INFO - Reads parsed so far: 10500000
2017-12-30 16:13:21,122 - INFO - Reads parsed so far: 11000000
2017-12-30 16:13:29,130 - INFO - Reads parsed so far: 11500000
2017-12-30 16:13:37,195 - INFO - Reads parsed so far: 12000000
2017-12-30 16:13:45,721 - INFO - Reads parsed so far: 12500000
2017-12-30 16:13:54,123 - INFO - Reads parsed so far: 13000000
2017-12-30 16:14:03,127 - INFO - Reads parsed so far: 13500000
2017-12-30 16:14:11,559 - INFO - Reads parsed so far: 14000000
2017-12-30 16:14:29,061 - INFO - Reads parsed so far: 14500000
2017-12-30 16:14:37,713 - INFO - Reads parsed so far: 15000000
2017-12-30 16:14:46,289 - INFO - Reads parsed so far: 15500000
2017-12-30 16:14:55,521 - INFO - Reads parsed so far: 16000000
2017-12-30 16:15:05,671 - INFO - Reads parsed so far: 16500000
2017-12-30 16:15:09,100 - INFO - Parsed 16676177 reads, found 8671374 unique barcodes.
2017-12-30 16:15:09,103 - INFO - Summary stats on reads:
fail filter  low Q barcode     total
          0        1761060  16676177
2017-12-30 16:15:09,103 - INFO - Writing these stats to ./results/codoncounts/mut-DNA-1_readstats.csv

2017-12-30 16:15:18,402 - INFO - Number of reads per barcode:
                 number of barcodes
number of reads                    
1                           5251027
2                           1719984
3                            975703
4                            454260
5                            180326
6                             62765
7                             19605
8                              5631
9                              1538
10                              398
11                              102
12                               23
13                                9
14                                2
105                               1
2017-12-30 16:15:18,403 - INFO - Writing these stats to ./results/codoncounts/mut-DNA-1_readsperbc.csv

2017-12-30 16:15:18,408 - INFO - Examining the 8671374 barcodes to build and align subamplicons...
2017-12-30 16:15:22,855 - INFO - Barcodes examined so far: 200000
2017-12-30 16:15:27,369 - INFO - Barcodes examined so far: 400000
2017-12-30 16:15:32,002 - INFO - Barcodes examined so far: 600000
2017-12-30 16:15:36,710 - INFO - Barcodes examined so far: 800000
2017-12-30 16:15:41,401 - INFO - Barcodes examined so far: 1000000
2017-12-30 16:15:46,105 - INFO - Barcodes examined so far: 1200000
2017-12-30 16:15:50,817 - INFO - Barcodes examined so far: 1400000
2017-12-30 16:15:55,433 - INFO - Barcodes examined so far: 1600000
2017-12-30 16:15:59,974 - INFO - Barcodes examined so far: 1800000
2017-12-30 16:16:04,486 - INFO - Barcodes examined so far: 2000000
2017-12-30 16:16:08,952 - INFO - Barcodes examined so far: 2200000
2017-12-30 16:16:13,306 - INFO - Barcodes examined so far: 2400000
2017-12-30 16:16:17,574 - INFO - Barcodes examined so far: 2600000
2017-12-30 16:16:21,856 - INFO - Barcodes examined so far: 2800000
2017-12-30 16:16:26,068 - INFO - Barcodes examined so far: 3000000
2017-12-30 16:16:30,254 - INFO - Barcodes examined so far: 3200000
2017-12-30 16:16:34,392 - INFO - Barcodes examined so far: 3400000
2017-12-30 16:16:38,537 - INFO - Barcodes examined so far: 3600000
2017-12-30 16:16:42,637 - INFO - Barcodes examined so far: 3800000
2017-12-30 16:16:46,663 - INFO - Barcodes examined so far: 4000000
2017-12-30 16:16:50,675 - INFO - Barcodes examined so far: 4200000
2017-12-30 16:16:54,717 - INFO - Barcodes examined so far: 4400000
2017-12-30 16:16:58,776 - INFO - Barcodes examined so far: 4600000
2017-12-30 16:17:02,829 - INFO - Barcodes examined so far: 4800000
2017-12-30 16:17:06,882 - INFO - Barcodes examined so far: 5000000
2017-12-30 16:17:10,926 - INFO - Barcodes examined so far: 5200000
2017-12-30 16:17:14,942 - INFO - Barcodes examined so far: 5400000
2017-12-30 16:17:18,954 - INFO - Barcodes examined so far: 5600000
2017-12-30 16:17:22,933 - INFO - Barcodes examined so far: 5800000
2017-12-30 16:17:26,862 - INFO - Barcodes examined so far: 6000000
2017-12-30 16:17:30,772 - INFO - Barcodes examined so far: 6200000
2017-12-30 16:17:34,697 - INFO - Barcodes examined so far: 6400000
2017-12-30 16:17:38,605 - INFO - Barcodes examined so far: 6600000
2017-12-30 16:17:42,511 - INFO - Barcodes examined so far: 6800000
2017-12-30 16:17:46,395 - INFO - Barcodes examined so far: 7000000
2017-12-30 16:17:50,327 - INFO - Barcodes examined so far: 7200000
2017-12-30 16:17:54,200 - INFO - Barcodes examined so far: 7400000
2017-12-30 16:17:58,093 - INFO - Barcodes examined so far: 7600000
2017-12-30 16:18:01,990 - INFO - Barcodes examined so far: 7800000
2017-12-30 16:18:05,969 - INFO - Barcodes examined so far: 8000000
2017-12-30 16:18:09,911 - INFO - Barcodes examined so far: 8200000
2017-12-30 16:18:13,850 - INFO - Barcodes examined so far: 8400000
2017-12-30 16:18:17,804 - INFO - Barcodes examined so far: 8600000
2017-12-30 16:18:19,220 - INFO - Examined all barcodes. Summary stats:
aligned  not alignable  too few reads    total
2071131        1349216        5251027  8671374
2017-12-30 16:18:19,221 - INFO - Writing these stats to ./results/codoncounts/mut-DNA-1_bcstats.csv

2017-12-30 16:18:19,244 - INFO - Filtering to only sites listed in sitemask ./data/sitemask_BG505.txt
2017-12-30 16:18:19,253 - INFO - Filtered from 861 to 670 sites.
2017-12-30 16:18:19,253 - INFO - Writing the counts of each codon identity at each site to ./results/codoncounts/mut-DNA-1_codoncounts.csv

2017-12-30 16:18:19,279 - INFO - Successful completion of dms2_bcsubamp
