2017-12-30 16:09:58,925 - INFO - Beginning execution of dms2_bcsubamp in directory /fh/fast/bloom_j/computational_notebooks/adingens/2017/FusionPeptide_Antibodies/FP_Abs_FinalAnalysis

2017-12-30 16:09:58,925 - INFO - Progress is being logged to ./results/codoncounts/mut-virus-3-FP16-02-500ug.log
2017-12-30 16:10:01,954 - INFO - Version information:
	Time and date: Sat Dec 30 16:09:58 2017
	Platform: Linux-3.13.0-49-generic-x86_64-with-Ubuntu-14.04-trusty
	Python version: 3.4.3 (default, Oct 14 2015, 20:28:29)  [GCC 4.8.4]
	dms_tools2 version: 2.2.dev1
	Bio version: 1.70
	HTSeq version: 0.9.1
	pandas version: 0.20.3
	numpy version: 1.13.1
	IPython version: 6.2.0
	matplotlib version: 2.0.2
	plotnine version: 0.2.1
	natsort version: 5.1.0
	pystan version: 2.16.0.0
	scipy version: 0.19.1
	seaborn version: 0.8.1
	phydmslib version: 2.2.0
	jupyter version: 1.0.0
	rpy2 version: 2.9.1

2017-12-30 16:10:01,955 - INFO - Parsed the following arguments:
	bclen = 8
	R2trim = [170]
	R2 = None
	use_existing = yes
	alignspecs = ['87,375,39,36', '376,666,36,39', '663,954,33,41', '955,1228,33,37', '1228,1527,34,35', '1527,1815,32,39', '1816,2098,36,41']
	minq = 15
	name = mut-virus-3-FP16-02-500ug
	R1trim = [200]
	R1 = ['BG505_mut-virus_3_FP16-02_500ug_R1.fastq.gz']
	outdir = ./results/codoncounts
	maxmuts = 4
	purgeread = 0
	fastqdir = ./FASTQ_files/
	purgebc = 0
	ncpus = -1
	bcinfo = False
	minreads = 2
	sitemask = ./data/sitemask_BG505.txt
	chartype = codon
	minfraccall = 0.95
	refseq = ./data/BG505.W6.C2.T332N_env.fasta
	minconcur = 0.75

2017-12-30 16:10:03,626 - INFO - Read refseq of 2583 codons from ./data/BG505.W6.C2.T332N_env.fasta
2017-12-30 16:10:03,628 - INFO - Reads are in these FASTQ pairs:
	./FASTQ_files/BG505_mut-virus_3_FP16-02_500ug_R1.fastq.gz and ./FASTQ_files/BG505_mut-virus_3_FP16-02_500ug_R2.fastq.gz

2017-12-30 16:10:03,628 - INFO - Now parsing read pairs...
2017-12-30 16:10:15,103 - INFO - Reads parsed so far: 500000
2017-12-30 16:10:24,331 - INFO - Reads parsed so far: 1000000
2017-12-30 16:10:33,541 - INFO - Reads parsed so far: 1500000
2017-12-30 16:10:42,935 - INFO - Reads parsed so far: 2000000
2017-12-30 16:10:52,630 - INFO - Reads parsed so far: 2500000
2017-12-30 16:11:01,255 - INFO - Reads parsed so far: 3000000
2017-12-30 16:11:11,237 - INFO - Reads parsed so far: 3500000
2017-12-30 16:11:19,690 - INFO - Reads parsed so far: 4000000
2017-12-30 16:11:28,175 - INFO - Reads parsed so far: 4500000
2017-12-30 16:11:36,619 - INFO - Reads parsed so far: 5000000
2017-12-30 16:11:41,057 - INFO - Parsed 5144590 reads, found 2052196 unique barcodes.
2017-12-30 16:11:41,059 - INFO - Summary stats on reads:
fail filter  low Q barcode    total
          0         874893  5144590
2017-12-30 16:11:41,059 - INFO - Writing these stats to ./results/codoncounts/mut-virus-3-FP16-02-500ug_readstats.csv

2017-12-30 16:11:42,587 - INFO - Number of reads per barcode:
                 number of barcodes
number of reads                    
1                            954286
2                            492071
3                            305818
4                            167548
5                             79824
6                             33558
7                             12705
8                              4344
9                              1423
10                              430
11                              116
12                               55
13                               12
14                                4
16                                1
197                               1
2017-12-30 16:11:42,587 - INFO - Writing these stats to ./results/codoncounts/mut-virus-3-FP16-02-500ug_readsperbc.csv

2017-12-30 16:11:42,598 - INFO - Examining the 2052196 barcodes to build and align subamplicons...
2017-12-30 16:11:47,407 - INFO - Barcodes examined so far: 200000
2017-12-30 16:11:52,298 - INFO - Barcodes examined so far: 400000
2017-12-30 16:11:57,139 - INFO - Barcodes examined so far: 600000
2017-12-30 16:12:01,987 - INFO - Barcodes examined so far: 800000
2017-12-30 16:12:06,802 - INFO - Barcodes examined so far: 1000000
2017-12-30 16:12:11,634 - INFO - Barcodes examined so far: 1200000
2017-12-30 16:12:16,469 - INFO - Barcodes examined so far: 1400000
2017-12-30 16:12:21,341 - INFO - Barcodes examined so far: 1600000
2017-12-30 16:12:26,166 - INFO - Barcodes examined so far: 1800000
2017-12-30 16:12:30,913 - INFO - Barcodes examined so far: 2000000
2017-12-30 16:12:32,141 - INFO - Examined all barcodes. Summary stats:
aligned  not alignable  too few reads    total
 484262         613648         954286  2052196
2017-12-30 16:12:32,141 - INFO - Writing these stats to ./results/codoncounts/mut-virus-3-FP16-02-500ug_bcstats.csv

2017-12-30 16:12:32,159 - INFO - Filtering to only sites listed in sitemask ./data/sitemask_BG505.txt
2017-12-30 16:12:32,166 - INFO - Filtered from 861 to 670 sites.
2017-12-30 16:12:32,167 - INFO - Writing the counts of each codon identity at each site to ./results/codoncounts/mut-virus-3-FP16-02-500ug_codoncounts.csv

2017-12-30 16:12:32,192 - INFO - Successful completion of dms2_bcsubamp
