2017-12-30 16:09:58,899 - INFO - Beginning execution of dms2_bcsubamp in directory /fh/fast/bloom_j/computational_notebooks/adingens/2017/FusionPeptide_Antibodies/FP_Abs_FinalAnalysis

2017-12-30 16:09:58,899 - INFO - Progress is being logged to ./results/codoncounts/mut-virus-1-FP16-02-500ug.log
2017-12-30 16:10:01,935 - INFO - Version information:
	Time and date: Sat Dec 30 16:09:58 2017
	Platform: Linux-3.13.0-49-generic-x86_64-with-Ubuntu-14.04-trusty
	Python version: 3.4.3 (default, Oct 14 2015, 20:28:29)  [GCC 4.8.4]
	dms_tools2 version: 2.2.dev1
	Bio version: 1.70
	HTSeq version: 0.9.1
	pandas version: 0.20.3
	numpy version: 1.13.1
	IPython version: 6.2.0
	matplotlib version: 2.0.2
	plotnine version: 0.2.1
	natsort version: 5.1.0
	pystan version: 2.16.0.0
	scipy version: 0.19.1
	seaborn version: 0.8.1
	phydmslib version: 2.2.0
	jupyter version: 1.0.0
	rpy2 version: 2.9.1

2017-12-30 16:10:01,935 - INFO - Parsed the following arguments:
	minq = 15
	R2trim = [170]
	sitemask = ./data/sitemask_BG505.txt
	minfraccall = 0.95
	R2 = None
	bcinfo = False
	chartype = codon
	R1 = ['BG505_mut-virus_1_FP16-02_500ug_R1.fastq.gz']
	name = mut-virus-1-FP16-02-500ug
	ncpus = -1
	minconcur = 0.75
	outdir = ./results/codoncounts
	purgebc = 0
	minreads = 2
	alignspecs = ['87,375,39,36', '376,666,36,39', '663,954,33,41', '955,1228,33,37', '1228,1527,34,35', '1527,1815,32,39', '1816,2098,36,41']
	use_existing = yes
	fastqdir = ./FASTQ_files/
	refseq = ./data/BG505.W6.C2.T332N_env.fasta
	bclen = 8
	purgeread = 0
	R1trim = [200]
	maxmuts = 4

2017-12-30 16:10:03,625 - INFO - Read refseq of 2583 codons from ./data/BG505.W6.C2.T332N_env.fasta
2017-12-30 16:10:03,627 - INFO - Reads are in these FASTQ pairs:
	./FASTQ_files/BG505_mut-virus_1_FP16-02_500ug_R1.fastq.gz and ./FASTQ_files/BG505_mut-virus_1_FP16-02_500ug_R2.fastq.gz

2017-12-30 16:10:03,627 - INFO - Now parsing read pairs...
2017-12-30 16:10:13,393 - INFO - Reads parsed so far: 500000
2017-12-30 16:10:21,858 - INFO - Reads parsed so far: 1000000
2017-12-30 16:10:30,990 - INFO - Reads parsed so far: 1500000
2017-12-30 16:10:38,971 - INFO - Reads parsed so far: 2000000
2017-12-30 16:10:47,979 - INFO - Reads parsed so far: 2500000
2017-12-30 16:10:55,986 - INFO - Reads parsed so far: 3000000
2017-12-30 16:11:05,436 - INFO - Reads parsed so far: 3500000
2017-12-30 16:11:13,419 - INFO - Reads parsed so far: 4000000
2017-12-30 16:11:21,143 - INFO - Reads parsed so far: 4500000
2017-12-30 16:11:29,215 - INFO - Reads parsed so far: 5000000
2017-12-30 16:11:39,402 - INFO - Reads parsed so far: 5500000
2017-12-30 16:11:47,157 - INFO - Reads parsed so far: 6000000
2017-12-30 16:11:54,945 - INFO - Reads parsed so far: 6500000
2017-12-30 16:12:02,894 - INFO - Reads parsed so far: 7000000
2017-12-30 16:12:10,731 - INFO - Reads parsed so far: 7500000
2017-12-30 16:12:21,208 - INFO - Reads parsed so far: 8000000
2017-12-30 16:12:23,570 - INFO - Parsed 8152531 reads, found 2616443 unique barcodes.
2017-12-30 16:12:23,573 - INFO - Summary stats on reads:
fail filter  low Q barcode    total
          0         709082  8152531
2017-12-30 16:12:23,573 - INFO - Writing these stats to ./results/codoncounts/mut-virus-1-FP16-02-500ug_readstats.csv

2017-12-30 16:12:25,700 - INFO - Number of reads per barcode:
                 number of barcodes
number of reads                    
1                            840470
2                            481309
3                            463062
4                            356204
5                            230332
6                            129152
7                             64431
8                             29797
9                             12798
10                             5258
11                             2104
12                              874
13                              350
14                              175
15                               74
16                               33
17                                7
18                                7
19                                5
22                                1
2017-12-30 16:12:25,701 - INFO - Writing these stats to ./results/codoncounts/mut-virus-1-FP16-02-500ug_readsperbc.csv

2017-12-30 16:12:25,705 - INFO - Examining the 2616443 barcodes to build and align subamplicons...
2017-12-30 16:12:33,334 - INFO - Barcodes examined so far: 200000
2017-12-30 16:12:40,970 - INFO - Barcodes examined so far: 400000
2017-12-30 16:12:48,624 - INFO - Barcodes examined so far: 600000
2017-12-30 16:12:56,428 - INFO - Barcodes examined so far: 800000
2017-12-30 16:13:04,175 - INFO - Barcodes examined so far: 1000000
2017-12-30 16:13:11,924 - INFO - Barcodes examined so far: 1200000
2017-12-30 16:13:19,664 - INFO - Barcodes examined so far: 1400000
2017-12-30 16:13:27,366 - INFO - Barcodes examined so far: 1600000
2017-12-30 16:13:35,202 - INFO - Barcodes examined so far: 1800000
2017-12-30 16:13:42,884 - INFO - Barcodes examined so far: 2000000
2017-12-30 16:13:50,504 - INFO - Barcodes examined so far: 2200000
2017-12-30 16:13:58,178 - INFO - Barcodes examined so far: 2400000
2017-12-30 16:14:05,914 - INFO - Barcodes examined so far: 2600000
2017-12-30 16:14:06,553 - INFO - Examined all barcodes. Summary stats:
aligned  not alignable  too few reads    total
1577201         198772         840470  2616443
2017-12-30 16:14:06,553 - INFO - Writing these stats to ./results/codoncounts/mut-virus-1-FP16-02-500ug_bcstats.csv

2017-12-30 16:14:06,578 - INFO - Filtering to only sites listed in sitemask ./data/sitemask_BG505.txt
2017-12-30 16:14:06,590 - INFO - Filtered from 861 to 670 sites.
2017-12-30 16:14:06,590 - INFO - Writing the counts of each codon identity at each site to ./results/codoncounts/mut-virus-1-FP16-02-500ug_codoncounts.csv

2017-12-30 16:14:06,617 - INFO - Successful completion of dms2_bcsubamp
