2017-12-30 16:09:58,909 - INFO - Beginning execution of dms2_bcsubamp in directory /fh/fast/bloom_j/computational_notebooks/adingens/2017/FusionPeptide_Antibodies/FP_Abs_FinalAnalysis

2017-12-30 16:09:58,909 - INFO - Progress is being logged to ./results/codoncounts/mut-virus-1-FP20-01-500ug.log
2017-12-30 16:10:01,940 - INFO - Version information:
	Time and date: Sat Dec 30 16:09:58 2017
	Platform: Linux-3.13.0-49-generic-x86_64-with-Ubuntu-14.04-trusty
	Python version: 3.4.3 (default, Oct 14 2015, 20:28:29)  [GCC 4.8.4]
	dms_tools2 version: 2.2.dev1
	Bio version: 1.70
	HTSeq version: 0.9.1
	pandas version: 0.20.3
	numpy version: 1.13.1
	IPython version: 6.2.0
	matplotlib version: 2.0.2
	plotnine version: 0.2.1
	natsort version: 5.1.0
	pystan version: 2.16.0.0
	scipy version: 0.19.1
	seaborn version: 0.8.1
	phydmslib version: 2.2.0
	jupyter version: 1.0.0
	rpy2 version: 2.9.1

2017-12-30 16:10:01,940 - INFO - Parsed the following arguments:
	fastqdir = ./FASTQ_files/
	name = mut-virus-1-FP20-01-500ug
	sitemask = ./data/sitemask_BG505.txt
	maxmuts = 4
	R2 = None
	bclen = 8
	R2trim = [170]
	purgeread = 0
	minreads = 2
	alignspecs = ['87,375,39,36', '376,666,36,39', '663,954,33,41', '955,1228,33,37', '1228,1527,34,35', '1527,1815,32,39', '1816,2098,36,41']
	bcinfo = False
	outdir = ./results/codoncounts
	refseq = ./data/BG505.W6.C2.T332N_env.fasta
	chartype = codon
	minconcur = 0.75
	minfraccall = 0.95
	ncpus = -1
	R1 = ['BG505_mut-virus_1_FP20-01_500ug_R1.fastq.gz']
	R1trim = [200]
	purgebc = 0
	use_existing = yes
	minq = 15

2017-12-30 16:10:03,625 - INFO - Read refseq of 2583 codons from ./data/BG505.W6.C2.T332N_env.fasta
2017-12-30 16:10:03,627 - INFO - Reads are in these FASTQ pairs:
	./FASTQ_files/BG505_mut-virus_1_FP20-01_500ug_R1.fastq.gz and ./FASTQ_files/BG505_mut-virus_1_FP20-01_500ug_R2.fastq.gz

2017-12-30 16:10:03,628 - INFO - Now parsing read pairs...
2017-12-30 16:10:13,773 - INFO - Reads parsed so far: 500000
2017-12-30 16:10:22,477 - INFO - Reads parsed so far: 1000000
2017-12-30 16:10:31,143 - INFO - Reads parsed so far: 1500000
2017-12-30 16:10:40,060 - INFO - Reads parsed so far: 2000000
2017-12-30 16:10:49,228 - INFO - Reads parsed so far: 2500000
2017-12-30 16:10:57,489 - INFO - Reads parsed so far: 3000000
2017-12-30 16:11:07,092 - INFO - Reads parsed so far: 3500000
2017-12-30 16:11:14,948 - INFO - Reads parsed so far: 4000000
2017-12-30 16:11:22,818 - INFO - Reads parsed so far: 4500000
2017-12-30 16:11:30,743 - INFO - Reads parsed so far: 5000000
2017-12-30 16:11:38,782 - INFO - Reads parsed so far: 5500000
2017-12-30 16:11:49,095 - INFO - Reads parsed so far: 6000000
2017-12-30 16:11:57,155 - INFO - Reads parsed so far: 6500000
2017-12-30 16:12:05,047 - INFO - Reads parsed so far: 7000000
2017-12-30 16:12:12,785 - INFO - Reads parsed so far: 7500000
2017-12-30 16:12:18,692 - INFO - Parsed 7879781 reads, found 2525694 unique barcodes.
2017-12-30 16:12:18,695 - INFO - Summary stats on reads:
fail filter  low Q barcode    total
          0         659011  7879781
2017-12-30 16:12:18,695 - INFO - Writing these stats to ./results/codoncounts/mut-virus-1-FP20-01-500ug_readstats.csv

2017-12-30 16:12:20,527 - INFO - Number of reads per barcode:
                 number of barcodes
number of reads                    
1                            824363
2                            448849
3                            437511
4                            342969
5                            225601
6                            128491
7                             65645
8                             30164
9                             12899
10                             5423
11                             2251
12                              896
13                              353
14                              167
15                               66
16                               24
17                               13
18                                6
19                                2
20                                1
2017-12-30 16:12:20,527 - INFO - Writing these stats to ./results/codoncounts/mut-virus-1-FP20-01-500ug_readsperbc.csv

2017-12-30 16:12:20,536 - INFO - Examining the 2525694 barcodes to build and align subamplicons...
2017-12-30 16:12:28,222 - INFO - Barcodes examined so far: 200000
2017-12-30 16:12:35,922 - INFO - Barcodes examined so far: 400000
2017-12-30 16:12:43,671 - INFO - Barcodes examined so far: 600000
2017-12-30 16:12:51,279 - INFO - Barcodes examined so far: 800000
2017-12-30 16:12:58,878 - INFO - Barcodes examined so far: 1000000
2017-12-30 16:13:06,521 - INFO - Barcodes examined so far: 1200000
2017-12-30 16:13:14,251 - INFO - Barcodes examined so far: 1400000
2017-12-30 16:13:21,886 - INFO - Barcodes examined so far: 1600000
2017-12-30 16:13:29,539 - INFO - Barcodes examined so far: 1800000
2017-12-30 16:13:37,072 - INFO - Barcodes examined so far: 2000000
2017-12-30 16:13:44,594 - INFO - Barcodes examined so far: 2200000
2017-12-30 16:13:52,171 - INFO - Barcodes examined so far: 2400000
2017-12-30 16:13:56,982 - INFO - Examined all barcodes. Summary stats:
aligned  not alignable  too few reads    total
1516397         184934         824363  2525694
2017-12-30 16:13:56,983 - INFO - Writing these stats to ./results/codoncounts/mut-virus-1-FP20-01-500ug_bcstats.csv

2017-12-30 16:13:57,007 - INFO - Filtering to only sites listed in sitemask ./data/sitemask_BG505.txt
2017-12-30 16:13:57,014 - INFO - Filtered from 861 to 670 sites.
2017-12-30 16:13:57,014 - INFO - Writing the counts of each codon identity at each site to ./results/codoncounts/mut-virus-1-FP20-01-500ug_codoncounts.csv

2017-12-30 16:13:57,038 - INFO - Successful completion of dms2_bcsubamp
