2017-12-30 16:09:58,920 - INFO - Beginning execution of dms2_bcsubamp in directory /fh/fast/bloom_j/computational_notebooks/adingens/2017/FusionPeptide_Antibodies/FP_Abs_FinalAnalysis

2017-12-30 16:09:58,920 - INFO - Progress is being logged to ./results/codoncounts/wt-DNA-3.log
2017-12-30 16:10:01,958 - INFO - Version information:
	Time and date: Sat Dec 30 16:09:58 2017
	Platform: Linux-3.13.0-49-generic-x86_64-with-Ubuntu-14.04-trusty
	Python version: 3.4.3 (default, Oct 14 2015, 20:28:29)  [GCC 4.8.4]
	dms_tools2 version: 2.2.dev1
	Bio version: 1.70
	HTSeq version: 0.9.1
	pandas version: 0.20.3
	numpy version: 1.13.1
	IPython version: 6.2.0
	matplotlib version: 2.0.2
	plotnine version: 0.2.1
	natsort version: 5.1.0
	pystan version: 2.16.0.0
	scipy version: 0.19.1
	seaborn version: 0.8.1
	phydmslib version: 2.2.0
	jupyter version: 1.0.0
	rpy2 version: 2.9.1

2017-12-30 16:10:01,959 - INFO - Parsed the following arguments:
	R1trim = [200]
	minq = 15
	minconcur = 0.75
	purgeread = 0
	sitemask = ./data/sitemask_BG505.txt
	minfraccall = 0.95
	minreads = 2
	name = wt-DNA-3
	ncpus = -1
	alignspecs = ['87,375,39,36', '376,666,36,39', '663,954,33,41', '955,1228,33,37', '1228,1527,34,35', '1527,1815,32,39', '1816,2098,36,41']
	outdir = ./results/codoncounts
	bclen = 8
	R2 = None
	purgebc = 0
	chartype = codon
	refseq = ./data/BG505.W6.C2.T332N_env.fasta
	R1 = ['BG505_wt-DNA_3_R1.fastq.gz']
	fastqdir = ./FASTQ_files/
	R2trim = [170]
	use_existing = yes
	bcinfo = False
	maxmuts = 4

2017-12-30 16:10:03,634 - INFO - Read refseq of 2583 codons from ./data/BG505.W6.C2.T332N_env.fasta
2017-12-30 16:10:03,703 - INFO - Reads are in these FASTQ pairs:
	./FASTQ_files/BG505_wt-DNA_3_R1.fastq.gz and ./FASTQ_files/BG505_wt-DNA_3_R2.fastq.gz

2017-12-30 16:10:03,703 - INFO - Now parsing read pairs...
2017-12-30 16:10:13,009 - INFO - Reads parsed so far: 500000
2017-12-30 16:10:22,708 - INFO - Reads parsed so far: 1000000
2017-12-30 16:10:31,619 - INFO - Reads parsed so far: 1500000
2017-12-30 16:10:41,682 - INFO - Reads parsed so far: 2000000
2017-12-30 16:10:49,871 - INFO - Reads parsed so far: 2500000
2017-12-30 16:10:59,148 - INFO - Reads parsed so far: 3000000
2017-12-30 16:11:08,872 - INFO - Reads parsed so far: 3500000
2017-12-30 16:11:17,209 - INFO - Reads parsed so far: 4000000
2017-12-30 16:11:27,602 - INFO - Reads parsed so far: 4500000
2017-12-30 16:11:35,935 - INFO - Reads parsed so far: 5000000
2017-12-30 16:11:44,157 - INFO - Reads parsed so far: 5500000
2017-12-30 16:11:55,058 - INFO - Reads parsed so far: 6000000
2017-12-30 16:12:03,087 - INFO - Reads parsed so far: 6500000
2017-12-30 16:12:11,346 - INFO - Reads parsed so far: 7000000
2017-12-30 16:12:19,506 - INFO - Reads parsed so far: 7500000
2017-12-30 16:12:31,614 - INFO - Reads parsed so far: 8000000
2017-12-30 16:12:39,845 - INFO - Reads parsed so far: 8500000
2017-12-30 16:12:48,338 - INFO - Reads parsed so far: 9000000
2017-12-30 16:12:56,517 - INFO - Reads parsed so far: 9500000
2017-12-30 16:13:04,768 - INFO - Reads parsed so far: 10000000
2017-12-30 16:13:18,201 - INFO - Reads parsed so far: 10500000
2017-12-30 16:13:26,378 - INFO - Reads parsed so far: 11000000
2017-12-30 16:13:34,467 - INFO - Reads parsed so far: 11500000
2017-12-30 16:13:42,615 - INFO - Reads parsed so far: 12000000
2017-12-30 16:13:50,899 - INFO - Reads parsed so far: 12500000
2017-12-30 16:13:59,148 - INFO - Reads parsed so far: 13000000
2017-12-30 16:14:07,348 - INFO - Reads parsed so far: 13500000
2017-12-30 16:14:15,535 - INFO - Reads parsed so far: 14000000
2017-12-30 16:14:23,926 - INFO - Reads parsed so far: 14500000
2017-12-30 16:14:39,491 - INFO - Reads parsed so far: 15000000
2017-12-30 16:14:47,638 - INFO - Reads parsed so far: 15500000
2017-12-30 16:14:55,799 - INFO - Reads parsed so far: 16000000
2017-12-30 16:15:04,123 - INFO - Reads parsed so far: 16500000
2017-12-30 16:15:12,321 - INFO - Reads parsed so far: 17000000
2017-12-30 16:15:20,549 - INFO - Reads parsed so far: 17500000
2017-12-30 16:15:28,973 - INFO - Reads parsed so far: 18000000
2017-12-30 16:15:37,352 - INFO - Reads parsed so far: 18500000
2017-12-30 16:15:45,943 - INFO - Reads parsed so far: 19000000
2017-12-30 16:15:49,530 - INFO - Parsed 19208560 reads, found 9199112 unique barcodes.
2017-12-30 16:15:49,533 - INFO - Summary stats on reads:
fail filter  low Q barcode     total
          0        2259190  19208560
2017-12-30 16:15:49,533 - INFO - Writing these stats to ./results/codoncounts/wt-DNA-3_readstats.csv

2017-12-30 16:15:56,310 - INFO - Number of reads per barcode:
                 number of barcodes
number of reads                    
1                           5448953
2                           1726074
3                           1039735
4                            525142
5                            236640
6                            101912
7                             47692
8                             26647
9                             16966
10                            11418
11                             7488
12                             4573
13                             2738
14                             1578
15                              784
16                              414
17                              177
18                               86
19                               50
20                               19
21                               12
22                                4
23                                4
24                                2
25                                1
27                                2
170                               1
2017-12-30 16:15:56,311 - INFO - Writing these stats to ./results/codoncounts/wt-DNA-3_readsperbc.csv

2017-12-30 16:15:56,316 - INFO - Examining the 9199112 barcodes to build and align subamplicons...
2017-12-30 16:16:00,545 - INFO - Barcodes examined so far: 200000
2017-12-30 16:16:04,742 - INFO - Barcodes examined so far: 400000
2017-12-30 16:16:08,888 - INFO - Barcodes examined so far: 600000
2017-12-30 16:16:12,985 - INFO - Barcodes examined so far: 800000
2017-12-30 16:16:17,058 - INFO - Barcodes examined so far: 1000000
2017-12-30 16:16:21,128 - INFO - Barcodes examined so far: 1200000
2017-12-30 16:16:25,189 - INFO - Barcodes examined so far: 1400000
2017-12-30 16:16:29,213 - INFO - Barcodes examined so far: 1600000
2017-12-30 16:16:33,215 - INFO - Barcodes examined so far: 1800000
2017-12-30 16:16:37,241 - INFO - Barcodes examined so far: 2000000
2017-12-30 16:16:41,235 - INFO - Barcodes examined so far: 2200000
2017-12-30 16:16:45,231 - INFO - Barcodes examined so far: 2400000
2017-12-30 16:16:49,237 - INFO - Barcodes examined so far: 2600000
2017-12-30 16:16:53,165 - INFO - Barcodes examined so far: 2800000
2017-12-30 16:16:57,197 - INFO - Barcodes examined so far: 3000000
2017-12-30 16:17:01,221 - INFO - Barcodes examined so far: 3200000
2017-12-30 16:17:05,242 - INFO - Barcodes examined so far: 3400000
2017-12-30 16:17:09,246 - INFO - Barcodes examined so far: 3600000
2017-12-30 16:17:13,234 - INFO - Barcodes examined so far: 3800000
2017-12-30 16:17:17,202 - INFO - Barcodes examined so far: 4000000
2017-12-30 16:17:21,183 - INFO - Barcodes examined so far: 4200000
2017-12-30 16:17:25,153 - INFO - Barcodes examined so far: 4400000
2017-12-30 16:17:29,121 - INFO - Barcodes examined so far: 4600000
2017-12-30 16:17:33,189 - INFO - Barcodes examined so far: 4800000
2017-12-30 16:17:37,227 - INFO - Barcodes examined so far: 5000000
2017-12-30 16:17:41,287 - INFO - Barcodes examined so far: 5200000
2017-12-30 16:17:45,340 - INFO - Barcodes examined so far: 5400000
2017-12-30 16:17:49,411 - INFO - Barcodes examined so far: 5600000
2017-12-30 16:17:53,431 - INFO - Barcodes examined so far: 5800000
2017-12-30 16:17:57,475 - INFO - Barcodes examined so far: 6000000
2017-12-30 16:18:01,532 - INFO - Barcodes examined so far: 6200000
2017-12-30 16:18:05,583 - INFO - Barcodes examined so far: 6400000
2017-12-30 16:18:09,624 - INFO - Barcodes examined so far: 6600000
2017-12-30 16:18:13,636 - INFO - Barcodes examined so far: 6800000
2017-12-30 16:18:17,659 - INFO - Barcodes examined so far: 7000000
2017-12-30 16:18:21,672 - INFO - Barcodes examined so far: 7200000
2017-12-30 16:18:25,698 - INFO - Barcodes examined so far: 7400000
2017-12-30 16:18:29,686 - INFO - Barcodes examined so far: 7600000
2017-12-30 16:18:33,508 - INFO - Barcodes examined so far: 7800000
2017-12-30 16:18:37,434 - INFO - Barcodes examined so far: 8000000
2017-12-30 16:18:41,551 - INFO - Barcodes examined so far: 8200000
2017-12-30 16:18:45,755 - INFO - Barcodes examined so far: 8400000
2017-12-30 16:18:49,944 - INFO - Barcodes examined so far: 8600000
2017-12-30 16:18:54,260 - INFO - Barcodes examined so far: 8800000
2017-12-30 16:18:58,623 - INFO - Barcodes examined so far: 9000000
2017-12-30 16:19:02,872 - INFO - Examined all barcodes. Summary stats:
aligned  not alignable  too few reads    total
2159131        1591028        5448953  9199112
2017-12-30 16:19:02,872 - INFO - Writing these stats to ./results/codoncounts/wt-DNA-3_bcstats.csv

2017-12-30 16:19:02,892 - INFO - Filtering to only sites listed in sitemask ./data/sitemask_BG505.txt
2017-12-30 16:19:02,900 - INFO - Filtered from 861 to 670 sites.
2017-12-30 16:19:02,900 - INFO - Writing the counts of each codon identity at each site to ./results/codoncounts/wt-DNA-3_codoncounts.csv

2017-12-30 16:19:02,925 - INFO - Successful completion of dms2_bcsubamp
