2017-12-30 16:09:58,888 - INFO - Beginning execution of dms2_bcsubamp in directory /fh/fast/bloom_j/computational_notebooks/adingens/2017/FusionPeptide_Antibodies/FP_Abs_FinalAnalysis

2017-12-30 16:09:58,888 - INFO - Progress is being logged to ./results/codoncounts/wt-DNA-1.log
2017-12-30 16:10:01,933 - INFO - Version information:
	Time and date: Sat Dec 30 16:09:58 2017
	Platform: Linux-3.13.0-49-generic-x86_64-with-Ubuntu-14.04-trusty
	Python version: 3.4.3 (default, Oct 14 2015, 20:28:29)  [GCC 4.8.4]
	dms_tools2 version: 2.2.dev1
	Bio version: 1.70
	HTSeq version: 0.9.1
	pandas version: 0.20.3
	numpy version: 1.13.1
	IPython version: 6.2.0
	matplotlib version: 2.0.2
	plotnine version: 0.2.1
	natsort version: 5.1.0
	pystan version: 2.16.0.0
	scipy version: 0.19.1
	seaborn version: 0.8.1
	phydmslib version: 2.2.0
	jupyter version: 1.0.0
	rpy2 version: 2.9.1

2017-12-30 16:10:01,933 - INFO - Parsed the following arguments:
	use_existing = yes
	fastqdir = ./FASTQ_files/
	refseq = ./data/BG505.W6.C2.T332N_env.fasta
	name = wt-DNA-1
	bcinfo = False
	purgebc = 0
	ncpus = -1
	alignspecs = ['87,375,39,36', '376,666,36,39', '663,954,33,41', '955,1228,33,37', '1228,1527,34,35', '1527,1815,32,39', '1816,2098,36,41']
	R2trim = [170]
	R1 = ['BG505_wt-DNA_1_R1.fastq.gz']
	R2 = None
	minreads = 2
	sitemask = ./data/sitemask_BG505.txt
	chartype = codon
	bclen = 8
	minconcur = 0.75
	maxmuts = 4
	purgeread = 0
	minq = 15
	minfraccall = 0.95
	R1trim = [200]
	outdir = ./results/codoncounts

2017-12-30 16:10:03,625 - INFO - Read refseq of 2583 codons from ./data/BG505.W6.C2.T332N_env.fasta
2017-12-30 16:10:03,626 - INFO - Reads are in these FASTQ pairs:
	./FASTQ_files/BG505_wt-DNA_1_R1.fastq.gz and ./FASTQ_files/BG505_wt-DNA_1_R2.fastq.gz

2017-12-30 16:10:03,629 - INFO - Now parsing read pairs...
2017-12-30 16:10:13,496 - INFO - Reads parsed so far: 500000
2017-12-30 16:10:22,499 - INFO - Reads parsed so far: 1000000
2017-12-30 16:10:31,186 - INFO - Reads parsed so far: 1500000
2017-12-30 16:10:39,904 - INFO - Reads parsed so far: 2000000
2017-12-30 16:10:48,705 - INFO - Reads parsed so far: 2500000
2017-12-30 16:10:57,784 - INFO - Reads parsed so far: 3000000
2017-12-30 16:11:07,482 - INFO - Reads parsed so far: 3500000
2017-12-30 16:11:15,589 - INFO - Reads parsed so far: 4000000
2017-12-30 16:11:25,664 - INFO - Reads parsed so far: 4500000
2017-12-30 16:11:33,688 - INFO - Reads parsed so far: 5000000
2017-12-30 16:11:41,549 - INFO - Reads parsed so far: 5500000
2017-12-30 16:11:52,369 - INFO - Reads parsed so far: 6000000
2017-12-30 16:12:00,363 - INFO - Reads parsed so far: 6500000
2017-12-30 16:12:08,233 - INFO - Reads parsed so far: 7000000
2017-12-30 16:12:16,128 - INFO - Reads parsed so far: 7500000
2017-12-30 16:12:28,145 - INFO - Reads parsed so far: 8000000
2017-12-30 16:12:36,191 - INFO - Reads parsed so far: 8500000
2017-12-30 16:12:44,283 - INFO - Reads parsed so far: 9000000
2017-12-30 16:12:52,631 - INFO - Reads parsed so far: 9500000
2017-12-30 16:13:00,527 - INFO - Reads parsed so far: 10000000
2017-12-30 16:13:08,385 - INFO - Reads parsed so far: 10500000
2017-12-30 16:13:21,777 - INFO - Reads parsed so far: 11000000
2017-12-30 16:13:29,699 - INFO - Reads parsed so far: 11500000
2017-12-30 16:13:37,644 - INFO - Reads parsed so far: 12000000
2017-12-30 16:13:45,628 - INFO - Reads parsed so far: 12500000
2017-12-30 16:13:53,638 - INFO - Reads parsed so far: 13000000
2017-12-30 16:14:01,818 - INFO - Reads parsed so far: 13500000
2017-12-30 16:14:09,967 - INFO - Reads parsed so far: 14000000
2017-12-30 16:14:18,005 - INFO - Reads parsed so far: 14500000
2017-12-30 16:14:25,951 - INFO - Reads parsed so far: 15000000
2017-12-30 16:14:34,029 - INFO - Reads parsed so far: 15500000
2017-12-30 16:14:49,759 - INFO - Reads parsed so far: 16000000
2017-12-30 16:14:57,921 - INFO - Reads parsed so far: 16500000
2017-12-30 16:15:06,181 - INFO - Reads parsed so far: 17000000
2017-12-30 16:15:14,364 - INFO - Reads parsed so far: 17500000
2017-12-30 16:15:22,410 - INFO - Reads parsed so far: 18000000
2017-12-30 16:15:30,314 - INFO - Reads parsed so far: 18500000
2017-12-30 16:15:38,207 - INFO - Reads parsed so far: 19000000
2017-12-30 16:15:46,217 - INFO - Reads parsed so far: 19500000
2017-12-30 16:15:54,244 - INFO - Reads parsed so far: 20000000
2017-12-30 16:15:56,620 - INFO - Parsed 20148353 reads, found 9169534 unique barcodes.
2017-12-30 16:15:56,623 - INFO - Summary stats on reads:
fail filter  low Q barcode     total
          0        2192947  20148353
2017-12-30 16:15:56,623 - INFO - Writing these stats to ./results/codoncounts/wt-DNA-1_readstats.csv

2017-12-30 16:16:03,328 - INFO - Number of reads per barcode:
                 number of barcodes
number of reads                    
1                           5101580
2                           1627533
3                           1156418
4                            685904
5                            348041
6                            154697
7                             61752
8                             22508
9                              7550
10                             2426
11                              771
12                              250
13                               71
14                               25
15                                3
16                                1
17                                1
18                                2
97                                1
2017-12-30 16:16:03,328 - INFO - Writing these stats to ./results/codoncounts/wt-DNA-1_readsperbc.csv

2017-12-30 16:16:03,333 - INFO - Examining the 9169534 barcodes to build and align subamplicons...
2017-12-30 16:16:08,024 - INFO - Barcodes examined so far: 200000
2017-12-30 16:16:12,698 - INFO - Barcodes examined so far: 400000
2017-12-30 16:16:17,339 - INFO - Barcodes examined so far: 600000
2017-12-30 16:16:21,915 - INFO - Barcodes examined so far: 800000
2017-12-30 16:16:26,497 - INFO - Barcodes examined so far: 1000000
2017-12-30 16:16:31,053 - INFO - Barcodes examined so far: 1200000
2017-12-30 16:16:35,578 - INFO - Barcodes examined so far: 1400000
2017-12-30 16:16:40,080 - INFO - Barcodes examined so far: 1600000
2017-12-30 16:16:44,592 - INFO - Barcodes examined so far: 1800000
2017-12-30 16:16:49,107 - INFO - Barcodes examined so far: 2000000
2017-12-30 16:16:53,544 - INFO - Barcodes examined so far: 2200000
2017-12-30 16:16:58,053 - INFO - Barcodes examined so far: 2400000
2017-12-30 16:17:02,568 - INFO - Barcodes examined so far: 2600000
2017-12-30 16:17:07,102 - INFO - Barcodes examined so far: 2800000
2017-12-30 16:17:11,609 - INFO - Barcodes examined so far: 3000000
2017-12-30 16:17:16,090 - INFO - Barcodes examined so far: 3200000
2017-12-30 16:17:20,578 - INFO - Barcodes examined so far: 3400000
2017-12-30 16:17:25,056 - INFO - Barcodes examined so far: 3600000
2017-12-30 16:17:29,552 - INFO - Barcodes examined so far: 3800000
2017-12-30 16:17:34,033 - INFO - Barcodes examined so far: 4000000
2017-12-30 16:17:38,503 - INFO - Barcodes examined so far: 4200000
2017-12-30 16:17:42,998 - INFO - Barcodes examined so far: 4400000
2017-12-30 16:17:47,521 - INFO - Barcodes examined so far: 4600000
2017-12-30 16:17:52,143 - INFO - Barcodes examined so far: 4800000
2017-12-30 16:17:56,930 - INFO - Barcodes examined so far: 5000000
2017-12-30 16:18:01,861 - INFO - Barcodes examined so far: 5200000
2017-12-30 16:18:06,762 - INFO - Barcodes examined so far: 5400000
2017-12-30 16:18:11,635 - INFO - Barcodes examined so far: 5600000
2017-12-30 16:18:16,501 - INFO - Barcodes examined so far: 5800000
2017-12-30 16:18:21,322 - INFO - Barcodes examined so far: 6000000
2017-12-30 16:18:26,118 - INFO - Barcodes examined so far: 6200000
2017-12-30 16:18:30,924 - INFO - Barcodes examined so far: 6400000
2017-12-30 16:18:35,694 - INFO - Barcodes examined so far: 6600000
2017-12-30 16:18:40,386 - INFO - Barcodes examined so far: 6800000
2017-12-30 16:18:45,060 - INFO - Barcodes examined so far: 7000000
2017-12-30 16:18:49,653 - INFO - Barcodes examined so far: 7200000
2017-12-30 16:18:54,408 - INFO - Barcodes examined so far: 7400000
2017-12-30 16:18:59,165 - INFO - Barcodes examined so far: 7600000
2017-12-30 16:19:03,823 - INFO - Barcodes examined so far: 7800000
2017-12-30 16:19:08,474 - INFO - Barcodes examined so far: 8000000
2017-12-30 16:19:13,076 - INFO - Barcodes examined so far: 8200000
2017-12-30 16:19:17,668 - INFO - Barcodes examined so far: 8400000
2017-12-30 16:19:22,234 - INFO - Barcodes examined so far: 8600000
2017-12-30 16:19:26,790 - INFO - Barcodes examined so far: 8800000
2017-12-30 16:19:31,299 - INFO - Barcodes examined so far: 9000000
2017-12-30 16:19:35,118 - INFO - Examined all barcodes. Summary stats:
aligned  not alignable  too few reads    total
2661216        1406738        5101580  9169534
2017-12-30 16:19:35,118 - INFO - Writing these stats to ./results/codoncounts/wt-DNA-1_bcstats.csv

2017-12-30 16:19:35,147 - INFO - Filtering to only sites listed in sitemask ./data/sitemask_BG505.txt
2017-12-30 16:19:35,163 - INFO - Filtered from 861 to 670 sites.
2017-12-30 16:19:35,163 - INFO - Writing the counts of each codon identity at each site to ./results/codoncounts/wt-DNA-1_codoncounts.csv

2017-12-30 16:19:35,185 - INFO - Successful completion of dms2_bcsubamp
