2017-12-30 16:09:58,896 - INFO - Beginning execution of dms2_bcsubamp in directory /fh/fast/bloom_j/computational_notebooks/adingens/2017/FusionPeptide_Antibodies/FP_Abs_FinalAnalysis

2017-12-30 16:09:58,896 - INFO - Progress is being logged to ./results/codoncounts/wt-virus-3.log
2017-12-30 16:10:01,939 - INFO - Version information:
	Time and date: Sat Dec 30 16:09:58 2017
	Platform: Linux-3.13.0-49-generic-x86_64-with-Ubuntu-14.04-trusty
	Python version: 3.4.3 (default, Oct 14 2015, 20:28:29)  [GCC 4.8.4]
	dms_tools2 version: 2.2.dev1
	Bio version: 1.70
	HTSeq version: 0.9.1
	pandas version: 0.20.3
	numpy version: 1.13.1
	IPython version: 6.2.0
	matplotlib version: 2.0.2
	plotnine version: 0.2.1
	natsort version: 5.1.0
	pystan version: 2.16.0.0
	scipy version: 0.19.1
	seaborn version: 0.8.1
	phydmslib version: 2.2.0
	jupyter version: 1.0.0
	rpy2 version: 2.9.1

2017-12-30 16:10:01,939 - INFO - Parsed the following arguments:
	outdir = ./results/codoncounts
	minq = 15
	maxmuts = 4
	minconcur = 0.75
	use_existing = yes
	minreads = 2
	purgebc = 0
	bclen = 8
	refseq = ./data/BG505.W6.C2.T332N_env.fasta
	fastqdir = ./FASTQ_files/
	alignspecs = ['87,375,39,36', '376,666,36,39', '663,954,33,41', '955,1228,33,37', '1228,1527,34,35', '1527,1815,32,39', '1816,2098,36,41']
	R1 = ['BG505_wt-virus_3_R1.fastq.gz']
	purgeread = 0
	ncpus = -1
	chartype = codon
	name = wt-virus-3
	sitemask = ./data/sitemask_BG505.txt
	bcinfo = False
	R2trim = [170]
	R1trim = [200]
	minfraccall = 0.95
	R2 = None

2017-12-30 16:10:03,625 - INFO - Read refseq of 2583 codons from ./data/BG505.W6.C2.T332N_env.fasta
2017-12-30 16:10:03,627 - INFO - Reads are in these FASTQ pairs:
	./FASTQ_files/BG505_wt-virus_3_R1.fastq.gz and ./FASTQ_files/BG505_wt-virus_3_R2.fastq.gz

2017-12-30 16:10:03,627 - INFO - Now parsing read pairs...
2017-12-30 16:10:13,778 - INFO - Reads parsed so far: 500000
2017-12-30 16:10:23,078 - INFO - Reads parsed so far: 1000000
2017-12-30 16:10:31,781 - INFO - Reads parsed so far: 1500000
2017-12-30 16:10:41,599 - INFO - Reads parsed so far: 2000000
2017-12-30 16:10:49,419 - INFO - Reads parsed so far: 2500000
2017-12-30 16:10:58,580 - INFO - Reads parsed so far: 3000000
2017-12-30 16:11:08,210 - INFO - Reads parsed so far: 3500000
2017-12-30 16:11:16,189 - INFO - Reads parsed so far: 4000000
2017-12-30 16:11:26,129 - INFO - Reads parsed so far: 4500000
2017-12-30 16:11:34,035 - INFO - Reads parsed so far: 5000000
2017-12-30 16:11:41,957 - INFO - Reads parsed so far: 5500000
2017-12-30 16:11:52,588 - INFO - Reads parsed so far: 6000000
2017-12-30 16:12:00,423 - INFO - Reads parsed so far: 6500000
2017-12-30 16:12:08,321 - INFO - Reads parsed so far: 7000000
2017-12-30 16:12:16,214 - INFO - Reads parsed so far: 7500000
2017-12-30 16:12:27,914 - INFO - Reads parsed so far: 8000000
2017-12-30 16:12:35,851 - INFO - Reads parsed so far: 8500000
2017-12-30 16:12:43,976 - INFO - Reads parsed so far: 9000000
2017-12-30 16:12:51,830 - INFO - Reads parsed so far: 9500000
2017-12-30 16:12:59,759 - INFO - Reads parsed so far: 10000000
2017-12-30 16:13:14,483 - INFO - Reads parsed so far: 10500000
2017-12-30 16:13:22,695 - INFO - Reads parsed so far: 11000000
2017-12-30 16:13:30,939 - INFO - Reads parsed so far: 11500000
2017-12-30 16:13:39,188 - INFO - Reads parsed so far: 12000000
2017-12-30 16:13:47,461 - INFO - Reads parsed so far: 12500000
2017-12-30 16:13:55,895 - INFO - Reads parsed so far: 13000000
2017-12-30 16:14:04,430 - INFO - Reads parsed so far: 13500000
2017-12-30 16:14:12,942 - INFO - Reads parsed so far: 14000000
2017-12-30 16:14:19,453 - INFO - Parsed 14387865 reads, found 7795464 unique barcodes.
2017-12-30 16:14:19,457 - INFO - Summary stats on reads:
fail filter  low Q barcode     total
          0        1474480  14387865
2017-12-30 16:14:19,457 - INFO - Writing these stats to ./results/codoncounts/wt-virus-3_readstats.csv

2017-12-30 16:14:25,407 - INFO - Number of reads per barcode:
                 number of barcodes
number of reads                    
1                           4975724
2                           1441079
3                            791261
4                            365518
5                            146135
6                             51680
7                             16817
8                              5202
9                              1456
10                              433
11                              114
12                               32
13                                6
14                                3
15                                2
113                               1
223                               1
2017-12-30 16:14:25,407 - INFO - Writing these stats to ./results/codoncounts/wt-virus-3_readsperbc.csv

2017-12-30 16:14:25,414 - INFO - Examining the 7795464 barcodes to build and align subamplicons...
2017-12-30 16:14:29,313 - INFO - Barcodes examined so far: 200000
2017-12-30 16:14:33,264 - INFO - Barcodes examined so far: 400000
2017-12-30 16:14:37,158 - INFO - Barcodes examined so far: 600000
2017-12-30 16:14:41,008 - INFO - Barcodes examined so far: 800000
2017-12-30 16:14:44,813 - INFO - Barcodes examined so far: 1000000
2017-12-30 16:14:48,608 - INFO - Barcodes examined so far: 1200000
2017-12-30 16:14:52,461 - INFO - Barcodes examined so far: 1400000
2017-12-30 16:14:56,384 - INFO - Barcodes examined so far: 1600000
2017-12-30 16:15:00,273 - INFO - Barcodes examined so far: 1800000
2017-12-30 16:15:04,130 - INFO - Barcodes examined so far: 2000000
2017-12-30 16:15:07,893 - INFO - Barcodes examined so far: 2200000
2017-12-30 16:15:11,662 - INFO - Barcodes examined so far: 2400000
2017-12-30 16:15:15,669 - INFO - Barcodes examined so far: 2600000
2017-12-30 16:15:19,575 - INFO - Barcodes examined so far: 2800000
2017-12-30 16:15:23,413 - INFO - Barcodes examined so far: 3000000
2017-12-30 16:15:27,228 - INFO - Barcodes examined so far: 3200000
2017-12-30 16:15:30,859 - INFO - Barcodes examined so far: 3400000
2017-12-30 16:15:34,618 - INFO - Barcodes examined so far: 3600000
2017-12-30 16:15:38,251 - INFO - Barcodes examined so far: 3800000
2017-12-30 16:15:41,989 - INFO - Barcodes examined so far: 4000000
2017-12-30 16:15:45,745 - INFO - Barcodes examined so far: 4200000
2017-12-30 16:15:49,491 - INFO - Barcodes examined so far: 4400000
2017-12-30 16:15:53,240 - INFO - Barcodes examined so far: 4600000
2017-12-30 16:15:56,988 - INFO - Barcodes examined so far: 4800000
2017-12-30 16:16:00,672 - INFO - Barcodes examined so far: 5000000
2017-12-30 16:16:04,340 - INFO - Barcodes examined so far: 5200000
2017-12-30 16:16:07,929 - INFO - Barcodes examined so far: 5400000
2017-12-30 16:16:11,558 - INFO - Barcodes examined so far: 5600000
2017-12-30 16:16:15,172 - INFO - Barcodes examined so far: 5800000
2017-12-30 16:16:18,784 - INFO - Barcodes examined so far: 6000000
2017-12-30 16:16:22,389 - INFO - Barcodes examined so far: 6200000
2017-12-30 16:16:26,007 - INFO - Barcodes examined so far: 6400000
2017-12-30 16:16:29,736 - INFO - Barcodes examined so far: 6600000
2017-12-30 16:16:33,632 - INFO - Barcodes examined so far: 6800000
2017-12-30 16:16:37,494 - INFO - Barcodes examined so far: 7000000
2017-12-30 16:16:41,361 - INFO - Barcodes examined so far: 7200000
2017-12-30 16:16:45,146 - INFO - Barcodes examined so far: 7400000
2017-12-30 16:16:48,952 - INFO - Barcodes examined so far: 7600000
2017-12-30 16:16:52,715 - INFO - Examined all barcodes. Summary stats:
aligned  not alignable  too few reads    total
1708621        1111119        4975724  7795464
2017-12-30 16:16:52,715 - INFO - Writing these stats to ./results/codoncounts/wt-virus-3_bcstats.csv

2017-12-30 16:16:52,741 - INFO - Filtering to only sites listed in sitemask ./data/sitemask_BG505.txt
2017-12-30 16:16:52,758 - INFO - Filtered from 861 to 670 sites.
2017-12-30 16:16:52,758 - INFO - Writing the counts of each codon identity at each site to ./results/codoncounts/wt-virus-3_codoncounts.csv

2017-12-30 16:16:52,784 - INFO - Successful completion of dms2_bcsubamp
