2017-12-30 16:40:12,377 - INFO - Beginning execution of dms2_logoplot in directory /fh/fast/bloom_j/computational_notebooks/adingens/2017/FusionPeptide_Antibodies/FP_Abs_FinalAnalysis

2017-12-30 16:40:12,377 - INFO - Progress is being logged to ./results/diffsel/wtDNA_ctrl/Total_Logoplots/VRC34-33ug.log
2017-12-30 16:40:13,829 - INFO - Version information:
	Time and date: Sat Dec 30 16:40:12 2017
	Platform: Linux-3.13.0-68-generic-x86_64-with-Ubuntu-14.04-trusty
	Python version: 3.4.3 (default, Oct 14 2015, 20:28:29)  [GCC 4.8.4]
	dms_tools2 version: 2.2.dev1
	Bio version: 1.70
	HTSeq version: 0.9.1
	pandas version: 0.20.3
	numpy version: 1.13.1
	IPython version: 6.2.0
	matplotlib version: 2.0.2
	plotnine version: 0.2.1
	natsort version: 5.1.0
	pystan version: 2.16.0.0
	scipy version: 0.19.1
	seaborn version: 0.8.1
	phydmslib version: 2.2.0
	jupyter version: 1.0.0
	rpy2 version: 2.9.1

2017-12-30 16:40:13,830 - INFO - Parsed the following arguments:
	overlay2 = None
	overlay3 = None
	diffprefs = None
	sepline = yes
	letterheight = 1
	ignore_extracols = no
	underlay = yes
	ncpus = -1
	nperline = 84
	excludestop = no
	overlaycolormap = jet
	mapmetric = functionalgroup
	diffsel = ./results/diffsel/wtDNA_ctrl/summary_VRC34-33ug-meanmutdiffsel.csv
	sortsites = yes
	diffselrange = None
	scalebar = ['2', 'differential selection = 2']
	fracsurvive = None
	prefs = None
	fracsurvivemax = None
	overlay1 = ['./results/diffsel/wtDNA_ctrl/summary_VRC34-33ug-meanmutdiffsel.csv', 'wildtype', 'wildtype']
	colormap = jet
	use_existing = no
	name = VRC34-33ug
	outdir = ./results/diffsel/wtDNA_ctrl/Total_Logoplots
	restrictdiffsel = all
	numberevery = 10
	stringency = 1

2017-12-30 16:40:13,833 - INFO - Removing existing file ./results/diffsel/wtDNA_ctrl/Total_Logoplots/VRC34-33ug_diffsel.pdf
2017-12-30 16:40:13,836 - INFO - Reading diffsel from file ./results/diffsel/wtDNA_ctrl/summary_VRC34-33ug-meanmutdiffsel.csv...
2017-12-30 16:40:13,857 - INFO - Read data for 670 sites.

2017-12-30 16:40:13,918 - INFO - Reading overlay for wildtype from ./results/diffsel/wtDNA_ctrl/summary_VRC34-33ug-meanmutdiffsel.csv...
2017-12-30 16:40:14,000 - INFO - Read overlay for 670 sites.

2017-12-30 16:40:14,000 - INFO - Making logo plot ./results/diffsel/wtDNA_ctrl/Total_Logoplots/VRC34-33ug_diffsel.pdf...
2017-12-30 16:40:33,669 - INFO - Successfully created logo plot.

2017-12-30 16:40:33,670 - INFO - Successful completion of dms2_logoplot
