2017-12-30 16:22:37,214 - INFO - Beginning execution of dms2_diffsel in directory /fh/fast/bloom_j/computational_notebooks/adingens/2017/FusionPeptide_Antibodies/FP_Abs_FinalAnalysis

2017-12-30 16:22:37,215 - INFO - Progress is being logged to ./results/diffsel/wtDNA_ctrl/FP16-02-500ug-rep-3.log
2017-12-30 16:22:39,555 - INFO - Version information:
	Time and date: Sat Dec 30 16:22:37 2017
	Platform: Linux-3.13.0-49-generic-x86_64-with-Ubuntu-14.04-trusty
	Python version: 3.4.3 (default, Oct 14 2015, 20:28:29)  [GCC 4.8.4]
	dms_tools2 version: 2.2.dev1
	Bio version: 1.70
	HTSeq version: 0.9.1
	pandas version: 0.20.3
	numpy version: 1.13.1
	IPython version: 6.2.0
	matplotlib version: 2.0.2
	plotnine version: 0.2.1
	natsort version: 5.1.0
	pystan version: 2.16.0.0
	scipy version: 0.19.1
	seaborn version: 0.8.1
	phydmslib version: 2.2.0
	jupyter version: 1.0.0
	rpy2 version: 2.9.1

2017-12-30 16:22:39,555 - INFO - Parsed the following arguments:
	ncpus = 2
	excludestop = yes
	pseudocount = 5.0
	err = wt-DNA-3
	name = FP16-02-500ug-rep-3
	indir = ./results/renumberedcounts
	chartype = codon_to_aa
	outdir = ./results/diffsel/wtDNA_ctrl
	sel = mut-virus-3-FP16-02-500ug
	mock = mut-virus-3
	mincount = 0
	use_existing = yes

2017-12-30 16:22:39,557 - INFO - Reading selected sample counts from mut-virus-3-FP16-02-500ug
2017-12-30 16:22:39,572 - INFO - Reading mock-selected sample counts from mut-virus-3
2017-12-30 16:22:39,578 - INFO - Reading error-control sample counts from wt-DNA-3
2017-12-30 16:22:39,584 - INFO - Computing mutdiffsel...
2017-12-30 16:22:42,651 - INFO - Mutations with largest mutdiffsel:
site wildtype mutation  mutdiffsel
515        I        P        2.79
514        G        E        2.64
515        I        T        2.46
515        I        M        2.42
515        I        Y        2.31
516        G        L        2.21
516        G        V        2.20
514        G        V        2.19
514        G        P        2.12
512        A        L        2.12

2017-12-30 16:22:42,652 - INFO - Writing to ./results/diffsel/wtDNA_ctrl/FP16-02-500ug-rep-3_mutdiffsel.csv
2017-12-30 16:22:42,690 - INFO - Computing sitediffsel...
2017-12-30 16:22:42,705 - INFO - Sites with largest absolute sitediffsel:
site  abs_diffsel  positive_diffsel  negative_diffsel  max_diffsel  min_diffsel
613        25.49              0.00            -25.49         0.00        -2.73
516        20.57             20.25             -0.31         2.21        -0.31
514        20.35             20.31             -0.04         2.64        -0.04
515        19.91             19.66             -0.25         2.79        -0.25
512        17.50             17.50              0.00         2.12         0.00
513        16.11             15.85             -0.26         2.04        -0.26
611        13.97              0.00            -13.97         0.00        -1.92
295        13.30              5.74             -7.57         1.21        -1.14
624        12.84              1.00            -11.85         0.35        -1.69
406        12.84              4.76             -8.08         1.07        -2.00

2017-12-30 16:22:42,705 - INFO - Writing to ./results/diffsel/wtDNA_ctrl/FP16-02-500ug-rep-3_sitediffsel.csv
2017-12-30 16:22:42,718 - INFO - Successful completion of dms2_diffsel
