2017-12-30 16:22:58,418 - INFO - Beginning execution of dms2_logoplot in directory /fh/fast/bloom_j/computational_notebooks/adingens/2017/FusionPeptide_Antibodies/FP_Abs_FinalAnalysis

2017-12-30 16:22:58,418 - INFO - Progress is being logged to ./results/diffsel/wtDNA_ctrl/FP16-02-500ug.log
2017-12-30 16:23:00,555 - INFO - Version information:
	Time and date: Sat Dec 30 16:22:58 2017
	Platform: Linux-3.13.0-49-generic-x86_64-with-Ubuntu-14.04-trusty
	Python version: 3.4.3 (default, Oct 14 2015, 20:28:29)  [GCC 4.8.4]
	dms_tools2 version: 2.2.dev1
	Bio version: 1.70
	HTSeq version: 0.9.1
	pandas version: 0.20.3
	numpy version: 1.13.1
	IPython version: 6.2.0
	matplotlib version: 2.0.2
	plotnine version: 0.2.1
	natsort version: 5.1.0
	pystan version: 2.16.0.0
	scipy version: 0.19.1
	seaborn version: 0.8.1
	phydmslib version: 2.2.0
	jupyter version: 1.0.0
	rpy2 version: 2.9.1

2017-12-30 16:23:00,556 - INFO - Parsed the following arguments:
	excludestop = no
	colormap = jet
	nperline = 84
	overlay3 = None
	underlay = yes
	overlay1 = ['./results/diffsel/wtDNA_ctrl/summary_FP16-02-500ug-meanmutdiffsel.csv', 'wildtype', 'wildtype']
	scalebar = ['10', 'differential selection = 10']
	prefs = None
	sortsites = yes
	fracsurvivemax = None
	overlay2 = None
	outdir = ./results/diffsel/wtDNA_ctrl
	restrictdiffsel = positive
	ncpus = -1
	ignore_extracols = no
	fracsurvive = None
	numberevery = 10
	stringency = 1
	sepline = no
	use_existing = no
	mapmetric = functionalgroup
	diffprefs = None
	overlaycolormap = jet
	name = FP16-02-500ug
	diffselrange = None
	letterheight = 1
	diffsel = ./results/diffsel/wtDNA_ctrl/summary_FP16-02-500ug-meanmutdiffsel.csv

2017-12-30 16:23:00,559 - INFO - Reading diffsel from file ./results/diffsel/wtDNA_ctrl/summary_FP16-02-500ug-meanmutdiffsel.csv...
2017-12-30 16:23:00,578 - INFO - Read data for 670 sites.

2017-12-30 16:23:00,631 - INFO - Reading overlay for wildtype from ./results/diffsel/wtDNA_ctrl/summary_FP16-02-500ug-meanmutdiffsel.csv...
2017-12-30 16:23:00,708 - INFO - Read overlay for 670 sites.

2017-12-30 16:23:00,708 - INFO - Making logo plot ./results/diffsel/wtDNA_ctrl/FP16-02-500ug_diffsel.pdf...
2017-12-30 16:23:11,098 - INFO - Successfully created logo plot.

2017-12-30 16:23:11,099 - INFO - Successful completion of dms2_logoplot
