2017-12-30 16:22:37,206 - INFO - Beginning execution of dms2_diffsel in directory /fh/fast/bloom_j/computational_notebooks/adingens/2017/FusionPeptide_Antibodies/FP_Abs_FinalAnalysis

2017-12-30 16:22:37,207 - INFO - Progress is being logged to ./results/diffsel/wtDNA_ctrl/VRC34-33ug-rep-1.log
2017-12-30 16:22:39,566 - INFO - Version information:
	Time and date: Sat Dec 30 16:22:37 2017
	Platform: Linux-3.13.0-49-generic-x86_64-with-Ubuntu-14.04-trusty
	Python version: 3.4.3 (default, Oct 14 2015, 20:28:29)  [GCC 4.8.4]
	dms_tools2 version: 2.2.dev1
	Bio version: 1.70
	HTSeq version: 0.9.1
	pandas version: 0.20.3
	numpy version: 1.13.1
	IPython version: 6.2.0
	matplotlib version: 2.0.2
	plotnine version: 0.2.1
	natsort version: 5.1.0
	pystan version: 2.16.0.0
	scipy version: 0.19.1
	seaborn version: 0.8.1
	phydmslib version: 2.2.0
	jupyter version: 1.0.0
	rpy2 version: 2.9.1

2017-12-30 16:22:39,566 - INFO - Parsed the following arguments:
	sel = mut-virus-1-VRC34-33ug
	mincount = 0
	outdir = ./results/diffsel/wtDNA_ctrl
	indir = ./results/renumberedcounts
	mock = mut-virus-1
	use_existing = yes
	pseudocount = 5.0
	ncpus = 2
	excludestop = yes
	name = VRC34-33ug-rep-1
	chartype = codon_to_aa
	err = wt-DNA-1

2017-12-30 16:22:39,568 - INFO - Reading selected sample counts from mut-virus-1-VRC34-33ug
2017-12-30 16:22:39,578 - INFO - Reading mock-selected sample counts from mut-virus-1
2017-12-30 16:22:39,587 - INFO - Reading error-control sample counts from wt-DNA-1
2017-12-30 16:22:39,592 - INFO - Computing mutdiffsel...
2017-12-30 16:22:42,727 - INFO - Mutations with largest mutdiffsel:
site wildtype mutation  mutdiffsel
513        V        P        3.11
 88        N        T        3.10
 85        H        V        2.95
 88        N        G        2.85
 44        V        L        2.84
515        I        S        2.81
 85        H        Q        2.78
343        G        M        2.77
516        G        A        2.63
491        I        Y        2.63

2017-12-30 16:22:42,728 - INFO - Writing to ./results/diffsel/wtDNA_ctrl/VRC34-33ug-rep-1_mutdiffsel.csv
2017-12-30 16:22:42,765 - INFO - Computing sitediffsel...
2017-12-30 16:22:42,779 - INFO - Sites with largest absolute sitediffsel:
site  abs_diffsel  positive_diffsel  negative_diffsel  max_diffsel  min_diffsel
 88        30.04             29.73             -0.31         3.10        -0.23
207        29.60              0.01            -29.58         0.01        -4.17
594        28.74              0.75            -27.99         0.75        -2.97
325        28.61              0.52            -28.09         0.52        -3.55
112        28.59              0.76            -27.82         0.76        -3.35
 90        26.90             23.92             -2.98         2.44        -1.36
433        25.76              0.00            -25.76         0.00        -2.89
 57        25.75              0.07            -25.68         0.07        -2.74
512        25.40             25.15             -0.25         2.62        -0.25
118        25.37              0.89            -24.48         0.58        -3.58

2017-12-30 16:22:42,779 - INFO - Writing to ./results/diffsel/wtDNA_ctrl/VRC34-33ug-rep-1_sitediffsel.csv
2017-12-30 16:22:42,790 - INFO - Successful completion of dms2_diffsel
